This is pdfTeX, Version 3.141592653-2.6-1.40.27 (MiKTeX 25.4) (preloaded format=pdflatex 2026.3.17)  17 MAR 2026 22:27
entering extended mode
 restricted \write18 enabled.
 %&-line parsing enabled.
**"./Lecture 4.4.tex"
(Lecture 4.4.tex
LaTeX2e <2025-11-01>
L3 programming layer <2025-12-24>
(C:\Users\milav\AppData\Local\Programs\MiKTeX\tex/latex/beamer\beamer.cls
Document Class: beamer 2026/01/22 v3.77 A class for typesetting presentations

(C:\Users\milav\AppData\Local\Programs\MiKTeX\tex/latex/beamer\beamerbasemodes.
sty (C:\Users\milav\AppData\Local\Programs\MiKTeX\tex/latex/etoolbox\etoolbox.s
ty
Package: etoolbox 2025/10/02 v2.5m e-TeX tools for LaTeX (JAW)
\etb@tempcnta=\count275
)
\beamer@tempbox=\box53
\beamer@tempcount=\count276
\c@beamerpauses=\count277

(C:\Users\milav\AppData\Local\Programs\MiKTeX\tex/latex/beamer\beamerbasedecode
.sty
\beamer@slideinframe=\count278
\beamer@minimum=\count279
\beamer@decode@box=\box54
)
\beamer@commentbox=\box55
\beamer@modecount=\count280
) (C:\Users\milav\AppData\Local\Programs\MiKTeX\tex/generic/iftex\iftex.sty
Package: iftex 2024/12/12 v1.0g TeX engine tests
)
\headdp=\dimen148
\footheight=\dimen149
\sidebarheight=\dimen150
\beamer@tempdim=\dimen151
\beamer@finalheight=\dimen152
\beamer@animht=\dimen153
\beamer@animdp=\dimen154
\beamer@animwd=\dimen155
\beamer@leftmargin=\dimen156
\beamer@rightmargin=\dimen157
\beamer@leftsidebar=\dimen158
\beamer@rightsidebar=\dimen159
\beamer@boxsize=\dimen160
\beamer@vboxoffset=\dimen161
\beamer@descdefault=\dimen162
\beamer@descriptionwidth=\dimen163
\beamer@lastskip=\skip49
\beamer@areabox=\box56
\beamer@animcurrent=\box57
\beamer@animshowbox=\box58
\beamer@sectionbox=\box59
\beamer@logobox=\box60
\beamer@linebox=\box61
\beamer@sectioncount=\count281
\beamer@subsubsectionmax=\count282
\beamer@subsectionmax=\count283
\beamer@sectionmax=\count284
\beamer@totalheads=\count285
\beamer@headcounter=\count286
\beamer@partstartpage=\count287
\beamer@sectionstartpage=\count288
\beamer@subsectionstartpage=\count289
\beamer@animationtempa=\count290
\beamer@animationtempb=\count291
\beamer@xpos=\count292
\beamer@ypos=\count293
\beamer@ypos@offset=\count294
\beamer@showpartnumber=\count295
\beamer@currentsubsection=\count296
\beamer@coveringdepth=\count297
\beamer@sectionadjust=\count298
\beamer@toclastsection=\count299
\beamer@tocsectionnumber=\count300

(C:\Users\milav\AppData\Local\Programs\MiKTeX\tex/latex/beamer\beamerbaseoption
s.sty (C:\Users\milav\AppData\Local\Programs\MiKTeX\tex/latex/graphics\keyval.s
ty
Package: keyval 2022/05/29 v1.15 key=value parser (DPC)
\KV@toks@=\toks17
))
\beamer@paperwidth=\skip50
\beamer@paperheight=\skip51
(C:\Users\milav\AppData\Local\Programs\MiKTeX\tex/latex/geometry\geometry.sty
Package: geometry 2020/01/02 v5.9 Page Geometry
(C:\Users\milav\AppData\Local\Programs\MiKTeX\tex/generic/iftex\ifvtex.sty
Package: ifvtex 2019/10/25 v1.7 ifvtex legacy package. Use iftex instead.
)
\Gm@cnth=\count301
\Gm@cntv=\count302
\c@Gm@tempcnt=\count303
\Gm@bindingoffset=\dimen164
\Gm@wd@mp=\dimen165
\Gm@odd@mp=\dimen166
\Gm@even@mp=\dimen167
\Gm@layoutwidth=\dimen168
\Gm@layoutheight=\dimen169
\Gm@layouthoffset=\dimen170
\Gm@layoutvoffset=\dimen171
\Gm@dimlist=\toks18
(C:\Users\milav\AppData\Local\Programs\MiKTeX\tex/latex/geometry\geometry.cfg))
(C:\Users\milav\AppData\Local\Programs\MiKTeX\tex/latex/pgf/math\pgfmath.sty
(C:\Users\milav\AppData\Local\Programs\MiKTeX\tex/latex/pgf/utilities\pgfrcs.st
y
(C:\Users\milav\AppData\Local\Programs\MiKTeX\tex/generic/pgf/utilities\pgfutil
-common.tex
\pgfutil@everybye=\toks19
\pgfutil@tempdima=\dimen172
\pgfutil@tempdimb=\dimen173
)
(C:\Users\milav\AppData\Local\Programs\MiKTeX\tex/generic/pgf/utilities\pgfutil
-latex.def
\pgfutil@abb=\box62
)
(C:\Users\milav\AppData\Local\Programs\MiKTeX\tex/generic/pgf/utilities\pgfrcs.
code.tex (C:\Users\milav\AppData\Local\Programs\MiKTeX\tex/generic/pgf\pgf.revi
sion.tex)
Package: pgfrcs 2025-08-29 v3.1.11a (3.1.11a)
))
(C:\Users\milav\AppData\Local\Programs\MiKTeX\tex/latex/pgf/utilities\pgfkeys.s
ty
(C:\Users\milav\AppData\Local\Programs\MiKTeX\tex/generic/pgf/utilities\pgfkeys
.code.tex
\pgfkeys@pathtoks=\toks20
\pgfkeys@temptoks=\toks21

(C:\Users\milav\AppData\Local\Programs\MiKTeX\tex/generic/pgf/utilities\pgfkeys
libraryfiltered.code.tex
\pgfkeys@tmptoks=\toks22
)))
(C:\Users\milav\AppData\Local\Programs\MiKTeX\tex/generic/pgf/math\pgfmath.code
.tex
(C:\Users\milav\AppData\Local\Programs\MiKTeX\tex/generic/pgf/math\pgfmathutil.
code.tex
\pgf@x=\dimen174
\pgf@xa=\dimen175
\pgf@xb=\dimen176
\pgf@xc=\dimen177
\pgf@y=\dimen178
\pgf@ya=\dimen179
\pgf@yb=\dimen180
\pgf@yc=\dimen181
\c@pgf@counta=\count304
\c@pgf@countb=\count305
\c@pgf@countc=\count306
\c@pgf@countd=\count307
)
(C:\Users\milav\AppData\Local\Programs\MiKTeX\tex/generic/pgf/math\pgfmathparse
r.code.tex
\pgfmath@dimen=\dimen182
\pgfmath@count=\count308
\pgfmath@box=\box63
\pgfmath@toks=\toks23
\pgfmath@stack@operand=\toks24
\pgfmath@stack@operation=\toks25
)
(C:\Users\milav\AppData\Local\Programs\MiKTeX\tex/generic/pgf/math\pgfmathfunct
ions.code.tex)
(C:\Users\milav\AppData\Local\Programs\MiKTeX\tex/generic/pgf/math\pgfmathfunct
ions.basic.code.tex)
(C:\Users\milav\AppData\Local\Programs\MiKTeX\tex/generic/pgf/math\pgfmathfunct
ions.trigonometric.code.tex)
(C:\Users\milav\AppData\Local\Programs\MiKTeX\tex/generic/pgf/math\pgfmathfunct
ions.random.code.tex)
(C:\Users\milav\AppData\Local\Programs\MiKTeX\tex/generic/pgf/math\pgfmathfunct
ions.comparison.code.tex)
(C:\Users\milav\AppData\Local\Programs\MiKTeX\tex/generic/pgf/math\pgfmathfunct
ions.base.code.tex)
(C:\Users\milav\AppData\Local\Programs\MiKTeX\tex/generic/pgf/math\pgfmathfunct
ions.round.code.tex)
(C:\Users\milav\AppData\Local\Programs\MiKTeX\tex/generic/pgf/math\pgfmathfunct
ions.misc.code.tex)
(C:\Users\milav\AppData\Local\Programs\MiKTeX\tex/generic/pgf/math\pgfmathfunct
ions.integerarithmetics.code.tex)
(C:\Users\milav\AppData\Local\Programs\MiKTeX\tex/generic/pgf/math\pgfmathcalc.
code.tex)
(C:\Users\milav\AppData\Local\Programs\MiKTeX\tex/generic/pgf/math\pgfmathfloat
.code.tex
\c@pgfmathroundto@lastzeros=\count309
))) (C:\Users\milav\AppData\Local\Programs\MiKTeX\tex/latex/base\size11.clo
File: size11.clo 2025/01/22 v1.4n Standard LaTeX file (size option)
)
(C:\Users\milav\AppData\Local\Programs\MiKTeX\tex/latex/pgf/basiclayer\pgfcore.
sty (C:\Users\milav\AppData\Local\Programs\MiKTeX\tex/latex/graphics\graphicx.s
ty
Package: graphicx 2024/12/31 v1.2e Enhanced LaTeX Graphics (DPC,SPQR)
(C:\Users\milav\AppData\Local\Programs\MiKTeX\tex/latex/graphics\graphics.sty
Package: graphics 2024/08/06 v1.4g Standard LaTeX Graphics (DPC,SPQR)
(C:\Users\milav\AppData\Local\Programs\MiKTeX\tex/latex/graphics\trig.sty
Package: trig 2023/12/02 v1.11 sin cos tan (DPC)
)
(C:\Users\milav\AppData\Local\Programs\MiKTeX\tex/latex/graphics-cfg\graphics.c
fg
File: graphics.cfg 2016/06/04 v1.11 sample graphics configuration
)
Package graphics Info: Driver file: pdftex.def on input line 106.

(C:\Users\milav\AppData\Local\Programs\MiKTeX\tex/latex/graphics-def\pdftex.def
File: pdftex.def 2025/09/29 v1.2d Graphics/color driver for pdftex
))
\Gin@req@height=\dimen183
\Gin@req@width=\dimen184
)
(C:\Users\milav\AppData\Local\Programs\MiKTeX\tex/latex/pgf/systemlayer\pgfsys.
sty
(C:\Users\milav\AppData\Local\Programs\MiKTeX\tex/generic/pgf/systemlayer\pgfsy
s.code.tex
Package: pgfsys 2025-08-29 v3.1.11a (3.1.11a)
\pgf@x=\dimen185
\pgf@y=\dimen186
\pgf@xa=\dimen187
\pgf@ya=\dimen188
\pgf@xb=\dimen189
\pgf@yb=\dimen190
\pgf@xc=\dimen191
\pgf@yc=\dimen192
\pgf@xd=\dimen193
\pgf@yd=\dimen194
\w@pgf@writea=\write3
\r@pgf@reada=\read2
\c@pgf@counta=\count310
\c@pgf@countb=\count311
\c@pgf@countc=\count312
\c@pgf@countd=\count313
\t@pgf@toka=\toks26
\t@pgf@tokb=\toks27
\t@pgf@tokc=\toks28
\pgf@sys@id@count=\count314

(C:\Users\milav\AppData\Local\Programs\MiKTeX\tex/generic/pgf/systemlayer\pgf.c
fg
File: pgf.cfg 2025-08-29 v3.1.11a (3.1.11a)
)
Driver file for pgf: pgfsys-pdftex.def

(C:\Users\milav\AppData\Local\Programs\MiKTeX\tex/generic/pgf/systemlayer\pgfsy
s-pdftex.def
File: pgfsys-pdftex.def 2025-08-29 v3.1.11a (3.1.11a)

(C:\Users\milav\AppData\Local\Programs\MiKTeX\tex/generic/pgf/systemlayer\pgfsy
s-common-pdf.def
File: pgfsys-common-pdf.def 2025-08-29 v3.1.11a (3.1.11a)
)))
(C:\Users\milav\AppData\Local\Programs\MiKTeX\tex/generic/pgf/systemlayer\pgfsy
ssoftpath.code.tex
File: pgfsyssoftpath.code.tex 2025-08-29 v3.1.11a (3.1.11a)
\pgfsyssoftpath@smallbuffer@items=\count315
\pgfsyssoftpath@bigbuffer@items=\count316
)
(C:\Users\milav\AppData\Local\Programs\MiKTeX\tex/generic/pgf/systemlayer\pgfsy
sprotocol.code.tex
File: pgfsysprotocol.code.tex 2025-08-29 v3.1.11a (3.1.11a)
)) (C:\Users\milav\AppData\Local\Programs\MiKTeX\tex/latex/xcolor\xcolor.sty
Package: xcolor 2024/09/29 v3.02 LaTeX color extensions (UK)
(C:\Users\milav\AppData\Local\Programs\MiKTeX\tex/latex/graphics-cfg\color.cfg
File: color.cfg 2016/01/02 v1.6 sample color configuration
)
Package xcolor Info: Driver file: pdftex.def on input line 274.
(C:\Users\milav\AppData\Local\Programs\MiKTeX\tex/latex/graphics\mathcolor.ltx)
Package xcolor Info: Model `cmy' substituted by `cmy0' on input line 1349.
Package xcolor Info: Model `hsb' substituted by `rgb' on input line 1353.
Package xcolor Info: Model `RGB' extended on input line 1365.
Package xcolor Info: Model `HTML' substituted by `rgb' on input line 1367.
Package xcolor Info: Model `Hsb' substituted by `hsb' on input line 1368.
Package xcolor Info: Model `tHsb' substituted by `hsb' on input line 1369.
Package xcolor Info: Model `HSB' substituted by `hsb' on input line 1370.
Package xcolor Info: Model `Gray' substituted by `gray' on input line 1371.
Package xcolor Info: Model `wave' substituted by `hsb' on input line 1372.
) (C:\Users\milav\AppData\Local\Programs\MiKTeX\tex/latex/graphics\dvipsnam.def
File: dvipsnam.def 2016/06/17 v3.0m Driver-dependent file (DPC,SPQR)
)
(C:\Users\milav\AppData\Local\Programs\MiKTeX\tex/generic/pgf/basiclayer\pgfcor
e.code.tex
Package: pgfcore 2025-08-29 v3.1.11a (3.1.11a)

(C:\Users\milav\AppData\Local\Programs\MiKTeX\tex/generic/pgf/math\pgfint.code.
tex)
(C:\Users\milav\AppData\Local\Programs\MiKTeX\tex/generic/pgf/basiclayer\pgfcor
epoints.code.tex
File: pgfcorepoints.code.tex 2025-08-29 v3.1.11a (3.1.11a)
\pgf@picminx=\dimen195
\pgf@picmaxx=\dimen196
\pgf@picminy=\dimen197
\pgf@picmaxy=\dimen198
\pgf@pathminx=\dimen199
\pgf@pathmaxx=\dimen256
\pgf@pathminy=\dimen257
\pgf@pathmaxy=\dimen258
\pgf@xx=\dimen259
\pgf@xy=\dimen260
\pgf@yx=\dimen261
\pgf@yy=\dimen262
\pgf@zx=\dimen263
\pgf@zy=\dimen264
)
(C:\Users\milav\AppData\Local\Programs\MiKTeX\tex/generic/pgf/basiclayer\pgfcor
epathconstruct.code.tex
File: pgfcorepathconstruct.code.tex 2025-08-29 v3.1.11a (3.1.11a)
\pgf@path@lastx=\dimen265
\pgf@path@lasty=\dimen266
)
(C:\Users\milav\AppData\Local\Programs\MiKTeX\tex/generic/pgf/basiclayer\pgfcor
epathusage.code.tex
File: pgfcorepathusage.code.tex 2025-08-29 v3.1.11a (3.1.11a)
\pgf@shorten@end@additional=\dimen267
\pgf@shorten@start@additional=\dimen268
)
(C:\Users\milav\AppData\Local\Programs\MiKTeX\tex/generic/pgf/basiclayer\pgfcor
escopes.code.tex
File: pgfcorescopes.code.tex 2025-08-29 v3.1.11a (3.1.11a)
\pgfpic=\box64
\pgf@hbox=\box65
\pgf@layerbox@main=\box66
\pgf@picture@serial@count=\count317
)
(C:\Users\milav\AppData\Local\Programs\MiKTeX\tex/generic/pgf/basiclayer\pgfcor
egraphicstate.code.tex
File: pgfcoregraphicstate.code.tex 2025-08-29 v3.1.11a (3.1.11a)
\pgflinewidth=\dimen269
)
(C:\Users\milav\AppData\Local\Programs\MiKTeX\tex/generic/pgf/basiclayer\pgfcor
etransformations.code.tex
File: pgfcoretransformations.code.tex 2025-08-29 v3.1.11a (3.1.11a)
\pgf@pt@x=\dimen270
\pgf@pt@y=\dimen271
\pgf@pt@temp=\dimen272
)
(C:\Users\milav\AppData\Local\Programs\MiKTeX\tex/generic/pgf/basiclayer\pgfcor
equick.code.tex
File: pgfcorequick.code.tex 2025-08-29 v3.1.11a (3.1.11a)
)
(C:\Users\milav\AppData\Local\Programs\MiKTeX\tex/generic/pgf/basiclayer\pgfcor
eobjects.code.tex
File: pgfcoreobjects.code.tex 2025-08-29 v3.1.11a (3.1.11a)
)
(C:\Users\milav\AppData\Local\Programs\MiKTeX\tex/generic/pgf/basiclayer\pgfcor
epathprocessing.code.tex
File: pgfcorepathprocessing.code.tex 2025-08-29 v3.1.11a (3.1.11a)
)
(C:\Users\milav\AppData\Local\Programs\MiKTeX\tex/generic/pgf/basiclayer\pgfcor
earrows.code.tex
File: pgfcorearrows.code.tex 2025-08-29 v3.1.11a (3.1.11a)
\pgfarrowsep=\dimen273
)
(C:\Users\milav\AppData\Local\Programs\MiKTeX\tex/generic/pgf/basiclayer\pgfcor
eshade.code.tex
File: pgfcoreshade.code.tex 2025-08-29 v3.1.11a (3.1.11a)
\pgf@max=\dimen274
\pgf@sys@shading@range@num=\count318
\pgf@shadingcount=\count319
)
(C:\Users\milav\AppData\Local\Programs\MiKTeX\tex/generic/pgf/basiclayer\pgfcor
eimage.code.tex
File: pgfcoreimage.code.tex 2025-08-29 v3.1.11a (3.1.11a)
)
(C:\Users\milav\AppData\Local\Programs\MiKTeX\tex/generic/pgf/basiclayer\pgfcor
eexternal.code.tex
File: pgfcoreexternal.code.tex 2025-08-29 v3.1.11a (3.1.11a)
\pgfexternal@startupbox=\box67
)
(C:\Users\milav\AppData\Local\Programs\MiKTeX\tex/generic/pgf/basiclayer\pgfcor
elayers.code.tex
File: pgfcorelayers.code.tex 2025-08-29 v3.1.11a (3.1.11a)
)
(C:\Users\milav\AppData\Local\Programs\MiKTeX\tex/generic/pgf/basiclayer\pgfcor
etransparency.code.tex
File: pgfcoretransparency.code.tex 2025-08-29 v3.1.11a (3.1.11a)
)
(C:\Users\milav\AppData\Local\Programs\MiKTeX\tex/generic/pgf/basiclayer\pgfcor
epatterns.code.tex
File: pgfcorepatterns.code.tex 2025-08-29 v3.1.11a (3.1.11a)
)
(C:\Users\milav\AppData\Local\Programs\MiKTeX\tex/generic/pgf/basiclayer\pgfcor
erdf.code.tex
File: pgfcorerdf.code.tex 2025-08-29 v3.1.11a (3.1.11a)
)))
(C:\Users\milav\AppData\Local\Programs\MiKTeX\tex/latex/pgf/utilities\xxcolor.s
ty
Package: xxcolor 2003/10/24 ver 0.1
\XC@nummixins=\count320
\XC@countmixins=\count321
) (C:\Users\milav\AppData\Local\Programs\MiKTeX\tex/latex/base\atbegshi-ltx.sty
Package: atbegshi-ltx 2021/01/10 v1.0c Emulation of the original atbegshi
package with kernel methods
) (C:\Users\milav\AppData\Local\Programs\MiKTeX\tex/latex/hyperref\hyperref.sty
Package: hyperref 2025-07-12 v7.01o Hypertext links for LaTeX

(C:\Users\milav\AppData\Local\Programs\MiKTeX\tex/latex/kvsetkeys\kvsetkeys.sty
Package: kvsetkeys 2022-10-05 v1.19 Key value parser (HO)
)
(C:\Users\milav\AppData\Local\Programs\MiKTeX\tex/generic/kvdefinekeys\kvdefine
keys.sty
Package: kvdefinekeys 2019-12-19 v1.6 Define keys (HO)
)
(C:\Users\milav\AppData\Local\Programs\MiKTeX\tex/generic/pdfescape\pdfescape.s
ty
Package: pdfescape 2019/12/09 v1.15 Implements pdfTeX's escape features (HO)
(C:\Users\milav\AppData\Local\Programs\MiKTeX\tex/generic/ltxcmds\ltxcmds.sty
Package: ltxcmds 2023-12-04 v1.26 LaTeX kernel commands for general use (HO)
)
(C:\Users\milav\AppData\Local\Programs\MiKTeX\tex/generic/pdftexcmds\pdftexcmds
.sty
Package: pdftexcmds 2020-06-27 v0.33 Utility functions of pdfTeX for LuaTeX (HO
)

(C:\Users\milav\AppData\Local\Programs\MiKTeX\tex/generic/infwarerr\infwarerr.s
ty
Package: infwarerr 2019/12/03 v1.5 Providing info/warning/error messages (HO)
)
Package pdftexcmds Info: \pdf@primitive is available.
Package pdftexcmds Info: \pdf@ifprimitive is available.
Package pdftexcmds Info: \pdfdraftmode found.
)) (C:\Users\milav\AppData\Local\Programs\MiKTeX\tex/latex/hycolor\hycolor.sty
Package: hycolor 2020-01-27 v1.10 Color options for hyperref/bookmark (HO)
) (C:\Users\milav\AppData\Local\Programs\MiKTeX\tex/latex/hyperref\nameref.sty
Package: nameref 2025-06-21 v2.57 Cross-referencing by name of section
(C:\Users\milav\AppData\Local\Programs\MiKTeX\tex/latex/refcount\refcount.sty
Package: refcount 2019/12/15 v3.6 Data extraction from label references (HO)
)
(C:\Users\milav\AppData\Local\Programs\MiKTeX\tex/generic/gettitlestring\gettit
lestring.sty
Package: gettitlestring 2019/12/15 v1.6 Cleanup title references (HO)

(C:\Users\milav\AppData\Local\Programs\MiKTeX\tex/latex/kvoptions\kvoptions.sty
Package: kvoptions 2022-06-15 v3.15 Key value format for package options (HO)
))
\c@section@level=\count322
)
(C:\Users\milav\AppData\Local\Programs\MiKTeX\tex/generic/stringenc\stringenc.s
ty
Package: stringenc 2019/11/29 v1.12 Convert strings between diff. encodings (HO
)
)
\@linkdim=\dimen275
\Hy@linkcounter=\count323
\Hy@pagecounter=\count324
(C:\Users\milav\AppData\Local\Programs\MiKTeX\tex/latex/hyperref\pd1enc.def
File: pd1enc.def 2025-07-12 v7.01o Hyperref: PDFDocEncoding definition (HO)
Now handling font encoding PD1 ...
... no UTF-8 mapping file for font encoding PD1
) (C:\Users\milav\AppData\Local\Programs\MiKTeX\tex/generic/intcalc\intcalc.sty
Package: intcalc 2019/12/15 v1.3 Expandable calculations with integers (HO)
)
\Hy@SavedSpaceFactor=\count325
(C:\Users\milav\AppData\Local\Programs\MiKTeX\tex/latex/hyperref\puenc.def
File: puenc.def 2025-07-12 v7.01o Hyperref: PDF Unicode definition (HO)
Now handling font encoding PU ...
... no UTF-8 mapping file for font encoding PU
)
Package hyperref Info: Option `bookmarks' set `true' on input line 4066.
Package hyperref Info: Option `bookmarksopen' set `true' on input line 4066.
Package hyperref Info: Option `implicit' set `false' on input line 4066.
Package hyperref Info: Hyper figures OFF on input line 4195.
Package hyperref Info: Link nesting OFF on input line 4200.
Package hyperref Info: Hyper index ON on input line 4203.
Package hyperref Info: Plain pages OFF on input line 4210.
Package hyperref Info: Backreferencing OFF on input line 4215.
Package hyperref Info: Implicit mode OFF; no redefinition of LaTeX internals.
Package hyperref Info: Bookmarks ON on input line 4462.
\c@Hy@tempcnt=\count326
(C:\Users\milav\AppData\Local\Programs\MiKTeX\tex/latex/url\url.sty
\Urlmuskip=\muskip17
Package: url 2013/09/16  ver 3.4  Verb mode for urls, etc.
)
LaTeX Info: Redefining \url on input line 4801.
\XeTeXLinkMargin=\dimen276
(C:\Users\milav\AppData\Local\Programs\MiKTeX\tex/generic/bitset\bitset.sty
Package: bitset 2019/12/09 v1.3 Handle bit-vector datatype (HO)

(C:\Users\milav\AppData\Local\Programs\MiKTeX\tex/generic/bigintcalc\bigintcalc
.sty
Package: bigintcalc 2019/12/15 v1.5 Expandable calculations on big integers (HO
)
))
\Fld@menulength=\count327
\Field@Width=\dimen277
\Fld@charsize=\dimen278
Package hyperref Info: Hyper figures OFF on input line 6078.
Package hyperref Info: Link nesting OFF on input line 6083.
Package hyperref Info: Hyper index ON on input line 6086.
Package hyperref Info: backreferencing OFF on input line 6093.
Package hyperref Info: Link coloring OFF on input line 6098.
Package hyperref Info: Link coloring with OCG OFF on input line 6103.
Package hyperref Info: PDF/A mode OFF on input line 6108.
\Hy@abspage=\count328

Package hyperref Message: Stopped early.

)
Package hyperref Info: Driver (autodetected): hpdftex.
(C:\Users\milav\AppData\Local\Programs\MiKTeX\tex/latex/hyperref\hpdftex.def
File: hpdftex.def 2025-07-12 v7.01o Hyperref driver for pdfTeX
\Fld@listcount=\count329
\c@bookmark@seq@number=\count330

(C:\Users\milav\AppData\Local\Programs\MiKTeX\tex/latex/rerunfilecheck\rerunfil
echeck.sty
Package: rerunfilecheck 2025-06-21 v1.11 Rerun checks for auxiliary files (HO)

(C:\Users\milav\AppData\Local\Programs\MiKTeX\tex/generic/uniquecounter\uniquec
ounter.sty
Package: uniquecounter 2019/12/15 v1.4 Provide unlimited unique counter (HO)
)
Package uniquecounter Info: New unique counter `rerunfilecheck' on input line 2
84.
))
(C:\Users\milav\AppData\Local\Programs\MiKTeX\tex/latex/beamer\beamerbaserequir
es.sty
(C:\Users\milav\AppData\Local\Programs\MiKTeX\tex/latex/beamer\beamerbasecompat
ibility.sty)
(C:\Users\milav\AppData\Local\Programs\MiKTeX\tex/latex/beamer\beamerbasefont.s
ty (C:\Users\milav\AppData\Local\Programs\MiKTeX\tex/latex/amsfonts\amssymb.sty
Package: amssymb 2013/01/14 v3.01 AMS font symbols
(C:\Users\milav\AppData\Local\Programs\MiKTeX\tex/latex/amsfonts\amsfonts.sty
Package: amsfonts 2013/01/14 v3.01 Basic AMSFonts support
\@emptytoks=\toks29
\symAMSa=\mathgroup4
\symAMSb=\mathgroup5
LaTeX Font Info:    Redeclaring math symbol \hbar on input line 98.
LaTeX Font Info:    Overwriting math alphabet `\mathfrak' in version `bold'
(Font)                  U/euf/m/n --> U/euf/b/n on input line 106.
))
(C:\Users\milav\AppData\Local\Programs\MiKTeX\tex/latex/sansmathaccent\sansmath
accent.sty
Package: sansmathaccent 2020/01/31

(C:\Users\milav\AppData\Local\Programs\MiKTeX\tex/latex/koma-script\scrlfile.st
y
Package: scrlfile 2026/02/02 v3.49.2 KOMA-Script package (file load hooks)

(C:\Users\milav\AppData\Local\Programs\MiKTeX\tex/latex/koma-script\scrlfile-ho
ok.sty
Package: scrlfile-hook 2026/02/02 v3.49.2 KOMA-Script package (using LaTeX hook
s)

(C:\Users\milav\AppData\Local\Programs\MiKTeX\tex/latex/koma-script\scrlogo.sty
Package: scrlogo 2026/02/02 v3.49.2 KOMA-Script package (logo)
)))))
(C:\Users\milav\AppData\Local\Programs\MiKTeX\tex/latex/beamer\beamerbasetransl
ator.sty
(C:\Users\milav\AppData\Local\Programs\MiKTeX\tex/latex/translator\translator.s
ty
Package: translator 2021-05-31 v1.12d Easy translation of strings in LaTeX
))
(C:\Users\milav\AppData\Local\Programs\MiKTeX\tex/latex/beamer\beamerbasemisc.s
ty)
(C:\Users\milav\AppData\Local\Programs\MiKTeX\tex/latex/beamer\beamerbasetwoscr
eens.sty)
(C:\Users\milav\AppData\Local\Programs\MiKTeX\tex/latex/beamer\beamerbaseoverla
y.sty
\beamer@argscount=\count331
\beamer@lastskipcover=\skip52
\beamer@trivlistdepth=\count332
)
(C:\Users\milav\AppData\Local\Programs\MiKTeX\tex/latex/beamer\beamerbasetitle.
sty)
(C:\Users\milav\AppData\Local\Programs\MiKTeX\tex/latex/beamer\beamerbasesectio
n.sty
\c@lecture=\count333
\c@part=\count334
\c@section=\count335
\c@subsection=\count336
\c@subsubsection=\count337
)
(C:\Users\milav\AppData\Local\Programs\MiKTeX\tex/latex/beamer\beamerbaseframe.
sty
\beamer@framebox=\box68
\beamer@frametitlebox=\box69
\beamer@zoombox=\box70
\beamer@zoomcount=\count338
\beamer@zoomframecount=\count339
\beamer@frametextheight=\dimen279
\c@subsectionslide=\count340
\beamer@frametopskip=\skip53
\beamer@framebottomskip=\skip54
\beamer@frametopskipautobreak=\skip55
\beamer@framebottomskipautobreak=\skip56
\beamer@envbody=\toks30
\framewidth=\dimen280
\c@framenumber=\count341
)
(C:\Users\milav\AppData\Local\Programs\MiKTeX\tex/latex/beamer\beamerbaseverbat
im.sty
\beamer@verbatimfileout=\write4
)
(C:\Users\milav\AppData\Local\Programs\MiKTeX\tex/latex/beamer\beamerbaseframes
ize.sty
\beamer@splitbox=\box71
\beamer@autobreakcount=\count342
\beamer@autobreaklastheight=\dimen281
\beamer@frametitletoks=\toks31
\beamer@framesubtitletoks=\toks32
)
(C:\Users\milav\AppData\Local\Programs\MiKTeX\tex/latex/beamer\beamerbaseframec
omponents.sty
\beamer@colheight=\skip57
\beamer@footins=\box72
)
(C:\Users\milav\AppData\Local\Programs\MiKTeX\tex/latex/beamer\beamerbasecolor.
sty)
(C:\Users\milav\AppData\Local\Programs\MiKTeX\tex/latex/beamer\beamerbasenotes.
sty
\beamer@frameboxcopy=\box73
)
(C:\Users\milav\AppData\Local\Programs\MiKTeX\tex/latex/beamer\beamerbasetoc.st
y)
(C:\Users\milav\AppData\Local\Programs\MiKTeX\tex/latex/beamer\beamerbasetempla
tes.sty
\beamer@sbttoks=\toks33

(C:\Users\milav\AppData\Local\Programs\MiKTeX\tex/latex/beamer\beamerbaseauxtem
plates.sty
(C:\Users\milav\AppData\Local\Programs\MiKTeX\tex/latex/beamer\beamerbaseboxes.
sty
\bmb@box=\box74
\bmb@colorbox=\box75
\bmb@boxwidth=\dimen282
\bmb@boxheight=\dimen283
\bmb@prevheight=\dimen284
\bmb@temp=\dimen285
\bmb@dima=\dimen286
\bmb@dimb=\dimen287
\bmb@prevheight=\dimen288
)
\beamer@blockheadheight=\dimen289
))
(C:\Users\milav\AppData\Local\Programs\MiKTeX\tex/latex/beamer\beamerbaselocals
tructure.sty (C:\Users\milav\AppData\Local\Programs\MiKTeX\tex/latex/tools\enum
erate.sty
Package: enumerate 2023/07/04 v3.00 enumerate extensions (DPC)
\@enLab=\toks34
)
\beamer@bibiconwidth=\skip58
\c@figure=\count343
\c@table=\count344
\abovecaptionskip=\skip59
\belowcaptionskip=\skip60
)
(C:\Users\milav\AppData\Local\Programs\MiKTeX\tex/latex/beamer\beamerbasenaviga
tion.sty
(C:\Users\milav\AppData\Local\Programs\MiKTeX\tex/latex/beamer\beamerbasenaviga
tionsymbols.tex)
\beamer@section@min@dim=\dimen290
)
(C:\Users\milav\AppData\Local\Programs\MiKTeX\tex/latex/beamer\beamerbasetheore
ms.sty (C:\Users\milav\AppData\Local\Programs\MiKTeX\tex/latex/amsmath\amsmath.
sty
Package: amsmath 2025/07/09 v2.17z AMS math features
\@mathmargin=\skip61
For additional information on amsmath, use the `?' option.
(C:\Users\milav\AppData\Local\Programs\MiKTeX\tex/latex/amsmath\amstext.sty
Package: amstext 2024/11/17 v2.01 AMS text
(C:\Users\milav\AppData\Local\Programs\MiKTeX\tex/latex/amsmath\amsgen.sty
File: amsgen.sty 1999/11/30 v2.0 generic functions
\@emptytoks=\toks35
\ex@=\dimen291
)) (C:\Users\milav\AppData\Local\Programs\MiKTeX\tex/latex/amsmath\amsbsy.sty
Package: amsbsy 1999/11/29 v1.2d Bold Symbols
\pmbraise@=\dimen292
) (C:\Users\milav\AppData\Local\Programs\MiKTeX\tex/latex/amsmath\amsopn.sty
Package: amsopn 2022/04/08 v2.04 operator names
)
\inf@bad=\count345
LaTeX Info: Redefining \frac on input line 233.
\uproot@=\count346
\leftroot@=\count347
LaTeX Info: Redefining \overline on input line 398.
LaTeX Info: Redefining \colon on input line 409.
\classnum@=\count348
\DOTSCASE@=\count349
LaTeX Info: Redefining \ldots on input line 495.
LaTeX Info: Redefining \dots on input line 498.
LaTeX Info: Redefining \cdots on input line 619.
\Mathstrutbox@=\box76
\strutbox@=\box77
LaTeX Info: Redefining \big on input line 721.
LaTeX Info: Redefining \Big on input line 722.
LaTeX Info: Redefining \bigg on input line 723.
LaTeX Info: Redefining \Bigg on input line 724.
\big@size=\dimen293
LaTeX Font Info:    Redeclaring font encoding OML on input line 742.
LaTeX Font Info:    Redeclaring font encoding OMS on input line 743.
\macc@depth=\count350
LaTeX Info: Redefining \bmod on input line 904.
LaTeX Info: Redefining \pmod on input line 909.
LaTeX Info: Redefining \smash on input line 939.
LaTeX Info: Redefining \relbar on input line 969.
LaTeX Info: Redefining \Relbar on input line 970.
\c@MaxMatrixCols=\count351
\dotsspace@=\muskip18
\c@parentequation=\count352
\dspbrk@lvl=\count353
\tag@help=\toks36
\row@=\count354
\column@=\count355
\maxfields@=\count356
\andhelp@=\toks37
\eqnshift@=\dimen294
\alignsep@=\dimen295
\tagshift@=\dimen296
\tagwidth@=\dimen297
\totwidth@=\dimen298
\lineht@=\dimen299
\@envbody=\toks38
\multlinegap=\skip62
\multlinetaggap=\skip63
\mathdisplay@stack=\toks39
LaTeX Info: Redefining \[ on input line 2950.
LaTeX Info: Redefining \] on input line 2951.
) (C:\Users\milav\AppData\Local\Programs\MiKTeX\tex/latex/amscls\amsthm.sty
Package: amsthm 2020/05/29 v2.20.6
\thm@style=\toks40
\thm@bodyfont=\toks41
\thm@headfont=\toks42
\thm@notefont=\toks43
\thm@headpunct=\toks44
\thm@preskip=\skip64
\thm@postskip=\skip65
\thm@headsep=\skip66
\dth@everypar=\toks45
)
\c@theorem=\count357
)
(C:\Users\milav\AppData\Local\Programs\MiKTeX\tex/latex/beamer\beamerbasethemes
.sty))
(C:\Users\milav\AppData\Local\Programs\MiKTeX\tex/latex/beamer\beamerthemedefau
lt.sty
(C:\Users\milav\AppData\Local\Programs\MiKTeX\tex/latex/beamer\beamerfontthemed
efault.sty)
(C:\Users\milav\AppData\Local\Programs\MiKTeX\tex/latex/beamer\beamercolortheme
default.sty)
(C:\Users\milav\AppData\Local\Programs\MiKTeX\tex/latex/beamer\beamerinnertheme
default.sty
\beamer@dima=\dimen300
\beamer@dimb=\dimen301
)
(C:\Users\milav\AppData\Local\Programs\MiKTeX\tex/latex/beamer\beameroutertheme
default.sty)))
(C:\Users\milav\AppData\Local\Programs\MiKTeX\tex/latex/beamer\beamerthemeMadri
d.sty
(C:\Users\milav\AppData\Local\Programs\MiKTeX\tex/latex/beamer\beamercolortheme
whale.sty)
(C:\Users\milav\AppData\Local\Programs\MiKTeX\tex/latex/beamer\beamercolortheme
orchid.sty)
(C:\Users\milav\AppData\Local\Programs\MiKTeX\tex/latex/beamer\beamerinnertheme
rounded.sty)
(C:\Users\milav\AppData\Local\Programs\MiKTeX\tex/latex/beamer\beameroutertheme
infolines.sty)) (C:\Users\milav\AppData\Local\Programs\MiKTeX\tex/latex/booktab
s\booktabs.sty
Package: booktabs 2020/01/12 v1.61803398 Publication quality tables
\heavyrulewidth=\dimen302
\lightrulewidth=\dimen303
\cmidrulewidth=\dimen304
\belowrulesep=\dimen305
\belowbottomsep=\dimen306
\aboverulesep=\dimen307
\abovetopsep=\dimen308
\cmidrulesep=\dimen309
\cmidrulekern=\dimen310
\defaultaddspace=\dimen311
\@cmidla=\count358
\@cmidlb=\count359
\@aboverulesep=\dimen312
\@belowrulesep=\dimen313
\@thisruleclass=\count360
\@lastruleclass=\count361
\@thisrulewidth=\dimen314
)
(C:\Users\milav\AppData\Local\Programs\MiKTeX\tex/latex/adjustbox\adjustbox.sty
Package: adjustbox 2025/02/26 v1.3c Adjusting TeX boxes (trim, clip, ...)
(C:\Users\milav\AppData\Local\Programs\MiKTeX\tex/latex/xkeyval\xkeyval.sty
Package: xkeyval 2022/06/16 v2.9 package option processing (HA)
(C:\Users\milav\AppData\Local\Programs\MiKTeX\tex/generic/xkeyval\xkeyval.tex (
C:\Users\milav\AppData\Local\Programs\MiKTeX\tex/generic/xkeyval\xkvutils.tex
\XKV@toks=\toks46
\XKV@tempa@toks=\toks47
)
\XKV@depth=\count362
File: xkeyval.tex 2014/12/03 v2.7a key=value parser (HA)
)) (C:\Users\milav\AppData\Local\Programs\MiKTeX\tex/latex/adjustbox\adjcalc.st
y
Package: adjcalc 2012/05/16 v1.1 Provides advanced setlength with multiple back
-ends (calc, etex, pgfmath)
) (C:\Users\milav\AppData\Local\Programs\MiKTeX\tex/latex/adjustbox\trimclip.st
y
Package: trimclip 2025/02/21 v1.2a Trim and clip general TeX material

(C:\Users\milav\AppData\Local\Programs\MiKTeX\tex/latex/collectbox\collectbox.s
ty
Package: collectbox 2022/10/17 v0.4c Collect macro arguments as boxes
\collectedbox=\box78
)
\tc@llx=\dimen315
\tc@lly=\dimen316
\tc@urx=\dimen317
\tc@ury=\dimen318
Package trimclip Info: Using driver 'tc-pdftex.def'.

(C:\Users\milav\AppData\Local\Programs\MiKTeX\tex/latex/adjustbox\tc-pdftex.def
File: tc-pdftex.def 2025/02/26 v2.3 Clipping driver for pdftex
))
\adjbox@Width=\dimen319
\adjbox@Height=\dimen320
\adjbox@Depth=\dimen321
\adjbox@Totalheight=\dimen322
\adjbox@pwidth=\dimen323
\adjbox@pheight=\dimen324
\adjbox@pdepth=\dimen325
\adjbox@ptotalheight=\dimen326

(C:\Users\milav\AppData\Local\Programs\MiKTeX\tex/latex/ifoddpage\ifoddpage.sty
Package: ifoddpage 2022/10/18 v1.2 Conditionals for odd/even page detection
\c@checkoddpage=\count363
) (C:\Users\milav\AppData\Local\Programs\MiKTeX\tex/latex/varwidth\varwidth.sty
Package: varwidth 2009/03/30 ver 0.92;  Variable-width minipages
\@vwid@box=\box79
\sift@deathcycles=\count364
\@vwid@loff=\dimen327
\@vwid@roff=\dimen328
)
==> First Aid for varwidth.sty applied!
) (C:\Users\milav\AppData\Local\Programs\MiKTeX\tex/latex/listings\listings.sty
\lst@mode=\count365
\lst@gtempboxa=\box80
\lst@token=\toks48
\lst@length=\count366
\lst@currlwidth=\dimen329
\lst@column=\count367
\lst@pos=\count368
\lst@lostspace=\dimen330
\lst@width=\dimen331
\lst@newlines=\count369
\lst@lineno=\count370
\lst@maxwidth=\dimen332
(C:\Users\milav\AppData\Local\Programs\MiKTeX\tex/latex/listings\lstpatch.sty
File: lstpatch.sty 2025/11/14 1.11b (Carsten Heinz)
) (C:\Users\milav\AppData\Local\Programs\MiKTeX\tex/latex/listings\lstmisc.sty
File: lstmisc.sty 2025/11/14 1.11b (Carsten Heinz)
\c@lstnumber=\count371
\lst@skipnumbers=\count372
\lst@framebox=\box81
) (C:\Users\milav\AppData\Local\Programs\MiKTeX\tex/latex/listings\listings.cfg
File: listings.cfg 2025/11/14 1.11b listings configuration
))
Package: listings 2025/11/14 1.11b (Carsten Heinz)
==> First Aid for listings.sty no longer applied!
    Expected:
        2024/09/23 1.10c (Carsten Heinz)
    but found:
        2025/11/14 1.11b (Carsten Heinz)
    so I'm assuming it got fixed.
(C:\Users\milav\AppData\Local\Programs\MiKTeX\tex/latex/caption\caption.sty
Package: caption 2023/08/05 v3.6o Customizing captions (AR)
(C:\Users\milav\AppData\Local\Programs\MiKTeX\tex/latex/caption\caption3.sty
Package: caption3 2023/07/31 v2.4d caption3 kernel (AR)
\caption@tempdima=\dimen333
\captionmargin=\dimen334
\caption@leftmargin=\dimen335
\caption@rightmargin=\dimen336
\caption@width=\dimen337
\caption@indent=\dimen338
\caption@parindent=\dimen339
\caption@hangindent=\dimen340
Package caption Info: beamer document class detected.

(C:\Users\milav\AppData\Local\Programs\MiKTeX\tex/latex/caption\caption-beamer.
sto
File: caption-beamer.sto 2022/01/06 v2.0c Adaption of the caption package to th
e beamer document classes (AR)
))
\c@caption@flags=\count373
\c@continuedfloat=\count374
Package caption Info: hyperref package is loaded.
Package caption Info: Hyperref support is turned off
(caption)             because hyperref has stopped early.
Package caption Info: listings package is loaded.
)
(C:\Users\milav\AppData\Local\Programs\MiKTeX\tex/latex/pgf/frontendlayer\tikz.
sty (C:\Users\milav\AppData\Local\Programs\MiKTeX\tex/latex/pgf/basiclayer\pgf.
sty
Package: pgf 2025-08-29 v3.1.11a (3.1.11a)

(C:\Users\milav\AppData\Local\Programs\MiKTeX\tex/generic/pgf/modules\pgfmodule
shapes.code.tex
File: pgfmoduleshapes.code.tex 2025-08-29 v3.1.11a (3.1.11a)
\pgfnodeparttextbox=\box82
)
(C:\Users\milav\AppData\Local\Programs\MiKTeX\tex/generic/pgf/modules\pgfmodule
plot.code.tex
File: pgfmoduleplot.code.tex 2025-08-29 v3.1.11a (3.1.11a)
)
(C:\Users\milav\AppData\Local\Programs\MiKTeX\tex/latex/pgf/compatibility\pgfco
mp-version-0-65.sty
Package: pgfcomp-version-0-65 2025-08-29 v3.1.11a (3.1.11a)
\pgf@nodesepstart=\dimen341
\pgf@nodesepend=\dimen342
)
(C:\Users\milav\AppData\Local\Programs\MiKTeX\tex/latex/pgf/compatibility\pgfco
mp-version-1-18.sty
Package: pgfcomp-version-1-18 2025-08-29 v3.1.11a (3.1.11a)
))
(C:\Users\milav\AppData\Local\Programs\MiKTeX\tex/latex/pgf/utilities\pgffor.st
y
(C:\Users\milav\AppData\Local\Programs\MiKTeX\tex/generic/pgf/utilities\pgffor.
code.tex
Package: pgffor 2025-08-29 v3.1.11a (3.1.11a)
\pgffor@iter=\dimen343
\pgffor@skip=\dimen344
\pgffor@stack=\toks49
\pgffor@toks=\toks50
))
(C:\Users\milav\AppData\Local\Programs\MiKTeX\tex/generic/pgf/frontendlayer/tik
z\tikz.code.tex
Package: tikz 2025-08-29 v3.1.11a (3.1.11a)

(C:\Users\milav\AppData\Local\Programs\MiKTeX\tex/generic/pgf/libraries\pgflibr
aryplothandlers.code.tex
File: pgflibraryplothandlers.code.tex 2025-08-29 v3.1.11a (3.1.11a)
\pgf@plot@mark@count=\count375
\pgfplotmarksize=\dimen345
)
\tikz@lastx=\dimen346
\tikz@lasty=\dimen347
\tikz@lastxsaved=\dimen348
\tikz@lastysaved=\dimen349
\tikz@lastmovetox=\dimen350
\tikz@lastmovetoy=\dimen351
\tikzleveldistance=\dimen352
\tikzsiblingdistance=\dimen353
\tikz@figbox=\box83
\tikz@figbox@bg=\box84
\tikz@tempbox=\box85
\tikz@tempbox@bg=\box86
\tikztreelevel=\count376
\tikznumberofchildren=\count377
\tikznumberofcurrentchild=\count378
\tikz@fig@count=\count379

(C:\Users\milav\AppData\Local\Programs\MiKTeX\tex/generic/pgf/modules\pgfmodule
matrix.code.tex
File: pgfmodulematrix.code.tex 2025-08-29 v3.1.11a (3.1.11a)
\pgfmatrixcurrentrow=\count380
\pgfmatrixcurrentcolumn=\count381
\pgf@matrix@numberofcolumns=\count382
)
\tikz@expandcount=\count383

(C:\Users\milav\AppData\Local\Programs\MiKTeX\tex/generic/pgf/frontendlayer/tik
z/libraries\tikzlibrarytopaths.code.tex
File: tikzlibrarytopaths.code.tex 2025-08-29 v3.1.11a (3.1.11a)
)))
(C:\Users\milav\AppData\Local\Programs\MiKTeX\tex/latex/l3backend\l3backend-pdf
tex.def
File: l3backend-pdftex.def 2025-10-09 L3 backend support: PDF output (pdfTeX)
\l__color_backend_stack_int=\count384
) (Lecture 4.4.aux)
\openout1 = `"Lecture 4.4.aux"'.

LaTeX Font Info:    Checking defaults for OML/cmm/m/it on input line 34.
LaTeX Font Info:    ... okay on input line 34.
LaTeX Font Info:    Checking defaults for OMS/cmsy/m/n on input line 34.
LaTeX Font Info:    ... okay on input line 34.
LaTeX Font Info:    Checking defaults for OT1/cmr/m/n on input line 34.
LaTeX Font Info:    ... okay on input line 34.
LaTeX Font Info:    Checking defaults for T1/cmr/m/n on input line 34.
LaTeX Font Info:    ... okay on input line 34.
LaTeX Font Info:    Checking defaults for TS1/cmr/m/n on input line 34.
LaTeX Font Info:    ... okay on input line 34.
LaTeX Font Info:    Checking defaults for OMX/cmex/m/n on input line 34.
LaTeX Font Info:    ... okay on input line 34.
LaTeX Font Info:    Checking defaults for U/cmr/m/n on input line 34.
LaTeX Font Info:    ... okay on input line 34.
LaTeX Font Info:    Checking defaults for PD1/pdf/m/n on input line 34.
LaTeX Font Info:    ... okay on input line 34.
LaTeX Font Info:    Checking defaults for PU/pdf/m/n on input line 34.
LaTeX Font Info:    ... okay on input line 34.
*geometry* driver: auto-detecting
*geometry* detected driver: pdftex
*geometry* verbose mode - [ preamble ] result:
* driver: pdftex
* paper: custom
* layout: <same size as paper>
* layoutoffset:(h,v)=(0.0pt,0.0pt)
* modes: includehead includefoot 
* h-part:(L,W,R)=(10.95003pt, 433.34402pt, 10.95003pt)
* v-part:(T,H,B)=(0.0pt, 256.0748pt, 0.0pt)
* \paperwidth=455.24408pt
* \paperheight=256.0748pt
* \textwidth=433.34402pt
* \textheight=227.62207pt
* \oddsidemargin=-61.31996pt
* \evensidemargin=-61.31996pt
* \topmargin=-72.26999pt
* \headheight=14.22636pt
* \headsep=0.0pt
* \topskip=11.0pt
* \footskip=14.22636pt
* \marginparwidth=4.0pt
* \marginparsep=10.0pt
* \columnsep=10.0pt
* \skip\footins=10.0pt plus 4.0pt minus 2.0pt
* \hoffset=0.0pt
* \voffset=0.0pt
* \mag=1000
* \@twocolumnfalse
* \@twosidefalse
* \@mparswitchfalse
* \@reversemarginfalse
* (1in=72.27pt=25.4mm, 1cm=28.453pt)


(C:\Users\milav\AppData\Local\Programs\MiKTeX\tex/context/base/mkii\supp-pdf.mk
ii
[Loading MPS to PDF converter (version 2006.09.02).]
\scratchcounter=\count385
\scratchdimen=\dimen354
\scratchbox=\box87
\nofMPsegments=\count386
\nofMParguments=\count387
\everyMPshowfont=\toks51
\MPscratchCnt=\count388
\MPscratchDim=\dimen355
\MPnumerator=\count389
\makeMPintoPDFobject=\count390
\everyMPtoPDFconversion=\toks52
)
(C:\Users\milav\AppData\Local\Programs\MiKTeX\tex/latex/epstopdf-pkg\epstopdf-b
ase.sty
Package: epstopdf-base 2020-01-24 v2.11 Base part for package epstopdf
Package epstopdf-base Info: Redefining graphics rule for `.eps' on input line 4
85.

(C:\Users\milav\AppData\Local\Programs\MiKTeX\tex/latex/00miktex\epstopdf-sys.c
fg
File: epstopdf-sys.cfg 2021/03/18 v2.0 Configuration of epstopdf for MiKTeX
))
Package hyperref Info: Link coloring OFF on input line 34.
(Lecture 4.4.out) (Lecture 4.4.out)
\@outlinefile=\write5
\openout5 = `"Lecture 4.4.out"'.

LaTeX Font Info:    Overwriting symbol font `operators' in version `normal'
(Font)                  OT1/cmr/m/n --> OT1/cmss/m/n on input line 34.
LaTeX Font Info:    Overwriting symbol font `operators' in version `bold'
(Font)                  OT1/cmr/bx/n --> OT1/cmss/b/n on input line 34.
\symnumbers=\mathgroup6
\sympureletters=\mathgroup7
LaTeX Font Info:    Overwriting math alphabet `\mathrm' in version `normal'
(Font)                  OT1/cmss/m/n --> OT1/cmr/m/n on input line 34.
LaTeX Font Info:    Redeclaring math alphabet \mathbf on input line 34.
LaTeX Font Info:    Overwriting math alphabet `\mathbf' in version `normal'
(Font)                  OT1/cmr/bx/n --> OT1/cmss/b/n on input line 34.
LaTeX Font Info:    Overwriting math alphabet `\mathbf' in version `bold'
(Font)                  OT1/cmr/bx/n --> OT1/cmss/b/n on input line 34.
LaTeX Font Info:    Redeclaring math alphabet \mathsf on input line 34.
LaTeX Font Info:    Overwriting math alphabet `\mathsf' in version `normal'
(Font)                  OT1/cmss/m/n --> OT1/cmss/m/n on input line 34.
LaTeX Font Info:    Overwriting math alphabet `\mathsf' in version `bold'
(Font)                  OT1/cmss/bx/n --> OT1/cmss/m/n on input line 34.
LaTeX Font Info:    Redeclaring math alphabet \mathit on input line 34.
LaTeX Font Info:    Overwriting math alphabet `\mathit' in version `normal'
(Font)                  OT1/cmr/m/it --> OT1/cmss/m/it on input line 34.
LaTeX Font Info:    Overwriting math alphabet `\mathit' in version `bold'
(Font)                  OT1/cmr/bx/it --> OT1/cmss/m/it on input line 34.
LaTeX Font Info:    Redeclaring math alphabet \mathtt on input line 34.
LaTeX Font Info:    Overwriting math alphabet `\mathtt' in version `normal'
(Font)                  OT1/cmtt/m/n --> OT1/cmtt/m/n on input line 34.
LaTeX Font Info:    Overwriting math alphabet `\mathtt' in version `bold'
(Font)                  OT1/cmtt/m/n --> OT1/cmtt/m/n on input line 34.
LaTeX Font Info:    Overwriting symbol font `numbers' in version `bold'
(Font)                  OT1/cmss/m/n --> OT1/cmss/b/n on input line 34.
LaTeX Font Info:    Overwriting symbol font `pureletters' in version `bold'
(Font)                  OT1/cmss/m/it --> OT1/cmss/b/it on input line 34.
LaTeX Font Info:    Overwriting math alphabet `\mathrm' in version `bold'
(Font)                  OT1/cmss/b/n --> OT1/cmr/b/n on input line 34.
LaTeX Font Info:    Overwriting math alphabet `\mathbf' in version `bold'
(Font)                  OT1/cmss/b/n --> OT1/cmss/b/n on input line 34.
LaTeX Font Info:    Overwriting math alphabet `\mathsf' in version `bold'
(Font)                  OT1/cmss/m/n --> OT1/cmss/b/n on input line 34.
LaTeX Font Info:    Overwriting math alphabet `\mathit' in version `bold'
(Font)                  OT1/cmss/m/it --> OT1/cmss/b/it on input line 34.
LaTeX Font Info:    Overwriting math alphabet `\mathtt' in version `bold'
(Font)                  OT1/cmtt/m/n --> OT1/cmtt/b/n on input line 34.
LaTeX Font Info:    Redeclaring symbol font `pureletters' on input line 34.
LaTeX Font Info:    Overwriting symbol font `pureletters' in version `normal'
(Font)                  OT1/cmss/m/it --> OT1/mathkerncmss/m/sl on input line 3
4.
LaTeX Font Info:    Overwriting symbol font `pureletters' in version `bold'
(Font)                  OT1/cmss/b/it --> OT1/mathkerncmss/m/sl on input line 3
4.
LaTeX Font Info:    Overwriting symbol font `pureletters' in version `bold'
(Font)                  OT1/mathkerncmss/m/sl --> OT1/mathkerncmss/bx/sl on inp
ut line 34.

(C:\Users\milav\AppData\Local\Programs\MiKTeX\tex/latex/translator\translator-b
asic-dictionary-English.dict
Dictionary: translator-basic-dictionary, Language: English 
)
(C:\Users\milav\AppData\Local\Programs\MiKTeX\tex/latex/translator\translator-b
ibliography-dictionary-English.dict
Dictionary: translator-bibliography-dictionary, Language: English 
)
(C:\Users\milav\AppData\Local\Programs\MiKTeX\tex/latex/translator\translator-e
nvironment-dictionary-English.dict
Dictionary: translator-environment-dictionary, Language: English 
)
(C:\Users\milav\AppData\Local\Programs\MiKTeX\tex/latex/translator\translator-m
onths-dictionary-English.dict
Dictionary: translator-months-dictionary, Language: English 
)
(C:\Users\milav\AppData\Local\Programs\MiKTeX\tex/latex/translator\translator-n
umbers-dictionary-English.dict
Dictionary: translator-numbers-dictionary, Language: English 
)
(C:\Users\milav\AppData\Local\Programs\MiKTeX\tex/latex/translator\translator-t
heorem-dictionary-English.dict
Dictionary: translator-theorem-dictionary, Language: English 
)
\c@lstlisting=\count391
Package caption Info: Begin \AtBeginDocument code.
Package caption Info: End \AtBeginDocument code.
(Lecture 4.4.nav) [1

{C:/Users/milav/AppData/Local/MiKTeX/fonts/map/pdftex/pdftex.map}] [2

] [3

] [4

] [5

] [6

] [7

] [8

]
<../Lecture 4.4_artifacts/image_000006_bc16005a709ae01143e3342e1bc7e442c2d60be9
5344bd170457d511edd4a31a.png, id=295, 113.42375pt x 125.46875pt>
File: ../Lecture 4.4_artifacts/image_000006_bc16005a709ae01143e3342e1bc7e442c2d
60be95344bd170457d511edd4a31a.png Graphic file (type png)
<use ../Lecture 4.4_artifacts/image_000006_bc16005a709ae01143e3342e1bc7e442c2d6
0be95344bd170457d511edd4a31a.png>
Package pdftex.def Info: ../Lecture 4.4_artifacts/image_000006_bc16005a709ae011
43e3342e1bc7e442c2d60be95344bd170457d511edd4a31a.png  used on input line 86.
(pdftex.def)             Requested size: 195.00348pt x 215.71394pt.
<../Lecture 4.4_artifacts/image_000007_443fae0583b8b7c9ed48456031cc0c4fb9e4aff5
44e4b91a9d80fc2bbf4176fd.png, id=296, 115.43124pt x 125.46875pt>
File: ../Lecture 4.4_artifacts/image_000007_443fae0583b8b7c9ed48456031cc0c4fb9e
4aff544e4b91a9d80fc2bbf4176fd.png Graphic file (type png)
<use ../Lecture 4.4_artifacts/image_000007_443fae0583b8b7c9ed48456031cc0c4fb9e4
aff544e4b91a9d80fc2bbf4176fd.png>
Package pdftex.def Info: ../Lecture 4.4_artifacts/image_000007_443fae0583b8b7c9
ed48456031cc0c4fb9e4aff544e4b91a9d80fc2bbf4176fd.png  used on input line 86.
(pdftex.def)             Requested size: 195.00348pt x 211.97685pt.

Overfull \vbox (68.74437pt too high) detected at line 86
 []

[9

 <../Lecture 4.4_artifacts/image_000006_bc16005a709ae01143e3342e1bc7e442c2d60be
95344bd170457d511edd4a31a.png (PNG copy)> <../Lecture 4.4_artifacts/image_00000
7_443fae0583b8b7c9ed48456031cc0c4fb9e4aff544e4b91a9d80fc2bbf4176fd.png (PNG cop
y)>]
File: ../Lecture 4.4_artifacts/image_000006_bc16005a709ae01143e3342e1bc7e442c2d
60be95344bd170457d511edd4a31a.png Graphic file (type png)
<use ../Lecture 4.4_artifacts/image_000006_bc16005a709ae01143e3342e1bc7e442c2d6
0be95344bd170457d511edd4a31a.png>
Package pdftex.def Info: ../Lecture 4.4_artifacts/image_000006_bc16005a709ae011
43e3342e1bc7e442c2d60be95344bd170457d511edd4a31a.png  used on input line 86.
(pdftex.def)             Requested size: 195.00348pt x 215.71394pt.
File: ../Lecture 4.4_artifacts/image_000007_443fae0583b8b7c9ed48456031cc0c4fb9e
4aff544e4b91a9d80fc2bbf4176fd.png Graphic file (type png)
<use ../Lecture 4.4_artifacts/image_000007_443fae0583b8b7c9ed48456031cc0c4fb9e4
aff544e4b91a9d80fc2bbf4176fd.png>
Package pdftex.def Info: ../Lecture 4.4_artifacts/image_000007_443fae0583b8b7c9
ed48456031cc0c4fb9e4aff544e4b91a9d80fc2bbf4176fd.png  used on input line 86.
(pdftex.def)             Requested size: 195.00348pt x 211.97685pt.

Overfull \vbox (68.74437pt too high) detected at line 86
 []

[10

]
File: ../Lecture 4.4_artifacts/image_000006_bc16005a709ae01143e3342e1bc7e442c2d
60be95344bd170457d511edd4a31a.png Graphic file (type png)
<use ../Lecture 4.4_artifacts/image_000006_bc16005a709ae01143e3342e1bc7e442c2d6
0be95344bd170457d511edd4a31a.png>
Package pdftex.def Info: ../Lecture 4.4_artifacts/image_000006_bc16005a709ae011
43e3342e1bc7e442c2d60be95344bd170457d511edd4a31a.png  used on input line 86.
(pdftex.def)             Requested size: 195.00348pt x 215.71394pt.
File: ../Lecture 4.4_artifacts/image_000007_443fae0583b8b7c9ed48456031cc0c4fb9e
4aff544e4b91a9d80fc2bbf4176fd.png Graphic file (type png)
<use ../Lecture 4.4_artifacts/image_000007_443fae0583b8b7c9ed48456031cc0c4fb9e4
aff544e4b91a9d80fc2bbf4176fd.png>
Package pdftex.def Info: ../Lecture 4.4_artifacts/image_000007_443fae0583b8b7c9
ed48456031cc0c4fb9e4aff544e4b91a9d80fc2bbf4176fd.png  used on input line 86.
(pdftex.def)             Requested size: 195.00348pt x 211.97685pt.

Overfull \vbox (68.74437pt too high) detected at line 86
 []

[11

]
<../Lecture 4.4_artifacts/image_000009_83b3032fcbce071acbcb3e8b9f8c7579c8f44448
9fece4e132d300b5e82fd68e.png, id=376, 523.9575pt x 111.41624pt>
File: ../Lecture 4.4_artifacts/image_000009_83b3032fcbce071acbcb3e8b9f8c7579c8f
444489fece4e132d300b5e82fd68e.png Graphic file (type png)
<use ../Lecture 4.4_artifacts/image_000009_83b3032fcbce071acbcb3e8b9f8c7579c8f4
44489fece4e132d300b5e82fd68e.png>
Package pdftex.def Info: ../Lecture 4.4_artifacts/image_000009_83b3032fcbce071a
cbcb3e8b9f8c7579c8f444489fece4e132d300b5e82fd68e.png  used on input line 95.
(pdftex.def)             Requested size: 801.33258pt x 170.38496pt.

Overfull \hbox (367.98856pt too wide) in paragraph at lines 95--95
 [] 
 []

[12

 <../Lecture 4.4_artifacts/image_000009_83b3032fcbce071acbcb3e8b9f8c7579c8f4444
89fece4e132d300b5e82fd68e.png (PNG copy)>]
<../Lecture 4.4_artifacts/image_000011_ea32834193cb9b67e0fc26932e9720843839d59e
d3fa8901685f6af68d47a9c0.png, id=404, 539.01375pt x 161.60374pt>
File: ../Lecture 4.4_artifacts/image_000011_ea32834193cb9b67e0fc26932e972084383
9d59ed3fa8901685f6af68d47a9c0.png Graphic file (type png)
<use ../Lecture 4.4_artifacts/image_000011_ea32834193cb9b67e0fc26932e9720843839
d59ed3fa8901685f6af68d47a9c0.png>
Package pdftex.def Info: ../Lecture 4.4_artifacts/image_000011_ea32834193cb9b67
e0fc26932e9720843839d59ed3fa8901685f6af68d47a9c0.png  used on input line 101.
(pdftex.def)             Requested size: 346.67653pt x 103.93893pt.
[13

 <../Lecture 4.4_artifacts/image_000011_ea32834193cb9b67e0fc26932e9720843839d59
ed3fa8901685f6af68d47a9c0.png (PNG copy)>]
<../Lecture 4.4_artifacts/image_000013_7c58554f432ad0c938688ad17c19de467b3ea82a
13b6d869b82adaddac21348b.png, id=433, 476.78125pt x 144.54pt>
File: ../Lecture 4.4_artifacts/image_000013_7c58554f432ad0c938688ad17c19de467b3
ea82a13b6d869b82adaddac21348b.png Graphic file (type png)
<use ../Lecture 4.4_artifacts/image_000013_7c58554f432ad0c938688ad17c19de467b3e
a82a13b6d869b82adaddac21348b.png>
Package pdftex.def Info: ../Lecture 4.4_artifacts/image_000013_7c58554f432ad0c9
38688ad17c19de467b3ea82a13b6d869b82adaddac21348b.png  used on input line 111.
(pdftex.def)             Requested size: 260.00905pt x 78.82675pt.
[14

 <../Lecture 4.4_artifacts/image_000013_7c58554f432ad0c938688ad17c19de467b3ea82
a13b6d869b82adaddac21348b.png (PNG copy)>]
File: ../Lecture 4.4_artifacts/image_000013_7c58554f432ad0c938688ad17c19de467b3
ea82a13b6d869b82adaddac21348b.png Graphic file (type png)
<use ../Lecture 4.4_artifacts/image_000013_7c58554f432ad0c938688ad17c19de467b3e
a82a13b6d869b82adaddac21348b.png>
Package pdftex.def Info: ../Lecture 4.4_artifacts/image_000013_7c58554f432ad0c9
38688ad17c19de467b3ea82a13b6d869b82adaddac21348b.png  used on input line 111.
(pdftex.def)             Requested size: 260.00905pt x 78.82675pt.
[15

]
LaTeX Font Info:    Trying to load font information for U+msa on input line 125
.
(C:\Users\milav\AppData\Local\Programs\MiKTeX\tex/latex/amsfonts\umsa.fd
File: umsa.fd 2013/01/14 v3.01 AMS symbols A
)
LaTeX Font Info:    Trying to load font information for U+msb on input line 125
.
(C:\Users\milav\AppData\Local\Programs\MiKTeX\tex/latex/amsfonts\umsb.fd
File: umsb.fd 2013/01/14 v3.01 AMS symbols B
)
LaTeX Font Info:    Trying to load font information for OT1+mathkerncmss on inp
ut line 125.

(C:\Users\milav\AppData\Local\Programs\MiKTeX\tex/latex/sansmathaccent\ot1mathk
erncmss.fd
File: ot1mathkerncmss.fd 2020/01/31 Fontinst v1.933 font definitions for OT1/ma
thkerncmss.
)
<../Lecture 4.4_artifacts/image_000015_507a1e843a4e0b42df9e8f6be35d49bacab575e5
929b23dcc41fc9d311defde3.png, id=488, 455.7025pt x 116.435pt>
File: ../Lecture 4.4_artifacts/image_000015_507a1e843a4e0b42df9e8f6be35d49bacab
575e5929b23dcc41fc9d311defde3.png Graphic file (type png)
<use ../Lecture 4.4_artifacts/image_000015_507a1e843a4e0b42df9e8f6be35d49bacab5
75e5929b23dcc41fc9d311defde3.png>
Package pdftex.def Info: ../Lecture 4.4_artifacts/image_000015_507a1e843a4e0b42
df9e8f6be35d49bacab575e5929b23dcc41fc9d311defde3.png  used on input line 125.
(pdftex.def)             Requested size: 346.67653pt x 88.58034pt.
[16

 <../Lecture 4.4_artifacts/image_000015_507a1e843a4e0b42df9e8f6be35d49bacab575e
5929b23dcc41fc9d311defde3.png (PNG copy)>]
File: ../Lecture 4.4_artifacts/image_000015_507a1e843a4e0b42df9e8f6be35d49bacab
575e5929b23dcc41fc9d311defde3.png Graphic file (type png)
<use ../Lecture 4.4_artifacts/image_000015_507a1e843a4e0b42df9e8f6be35d49bacab5
75e5929b23dcc41fc9d311defde3.png>
Package pdftex.def Info: ../Lecture 4.4_artifacts/image_000015_507a1e843a4e0b42
df9e8f6be35d49bacab575e5929b23dcc41fc9d311defde3.png  used on input line 125.
(pdftex.def)             Requested size: 346.67653pt x 88.58034pt.
[17

]
File: ../Lecture 4.4_artifacts/image_000015_507a1e843a4e0b42df9e8f6be35d49bacab
575e5929b23dcc41fc9d311defde3.png Graphic file (type png)
<use ../Lecture 4.4_artifacts/image_000015_507a1e843a4e0b42df9e8f6be35d49bacab5
75e5929b23dcc41fc9d311defde3.png>
Package pdftex.def Info: ../Lecture 4.4_artifacts/image_000015_507a1e843a4e0b42
df9e8f6be35d49bacab575e5929b23dcc41fc9d311defde3.png  used on input line 125.
(pdftex.def)             Requested size: 346.67653pt x 88.58034pt.
[18

]
File: ../Lecture 4.4_artifacts/image_000015_507a1e843a4e0b42df9e8f6be35d49bacab
575e5929b23dcc41fc9d311defde3.png Graphic file (type png)
<use ../Lecture 4.4_artifacts/image_000015_507a1e843a4e0b42df9e8f6be35d49bacab5
75e5929b23dcc41fc9d311defde3.png>
Package pdftex.def Info: ../Lecture 4.4_artifacts/image_000015_507a1e843a4e0b42
df9e8f6be35d49bacab575e5929b23dcc41fc9d311defde3.png  used on input line 125.
(pdftex.def)             Requested size: 346.67653pt x 88.58034pt.
[19

]
<../Lecture 4.4_artifacts/image_000017_b904c0e2f2b42b6e9cc2b754c50b8af4ffbe590b
03d29ac4c3365b8915520ef4.png, id=595, 467.7475pt x 119.44624pt>
File: ../Lecture 4.4_artifacts/image_000017_b904c0e2f2b42b6e9cc2b754c50b8af4ffb
e590b03d29ac4c3365b8915520ef4.png Graphic file (type png)
<use ../Lecture 4.4_artifacts/image_000017_b904c0e2f2b42b6e9cc2b754c50b8af4ffbe
590b03d29ac4c3365b8915520ef4.png>
Package pdftex.def Info: ../Lecture 4.4_artifacts/image_000017_b904c0e2f2b42b6e
9cc2b754c50b8af4ffbe590b03d29ac4c3365b8915520ef4.png  used on input line 136.
(pdftex.def)             Requested size: 346.67653pt x 88.5328pt.
[20

 <../Lecture 4.4_artifacts/image_000017_b904c0e2f2b42b6e9cc2b754c50b8af4ffbe590
b03d29ac4c3365b8915520ef4.png (PNG copy)>]
File: ../Lecture 4.4_artifacts/image_000017_b904c0e2f2b42b6e9cc2b754c50b8af4ffb
e590b03d29ac4c3365b8915520ef4.png Graphic file (type png)
<use ../Lecture 4.4_artifacts/image_000017_b904c0e2f2b42b6e9cc2b754c50b8af4ffbe
590b03d29ac4c3365b8915520ef4.png>
Package pdftex.def Info: ../Lecture 4.4_artifacts/image_000017_b904c0e2f2b42b6e
9cc2b754c50b8af4ffbe590b03d29ac4c3365b8915520ef4.png  used on input line 136.
(pdftex.def)             Requested size: 346.67653pt x 88.5328pt.
[21

]
File: ../Lecture 4.4_artifacts/image_000017_b904c0e2f2b42b6e9cc2b754c50b8af4ffb
e590b03d29ac4c3365b8915520ef4.png Graphic file (type png)
<use ../Lecture 4.4_artifacts/image_000017_b904c0e2f2b42b6e9cc2b754c50b8af4ffbe
590b03d29ac4c3365b8915520ef4.png>
Package pdftex.def Info: ../Lecture 4.4_artifacts/image_000017_b904c0e2f2b42b6e
9cc2b754c50b8af4ffbe590b03d29ac4c3365b8915520ef4.png  used on input line 136.
(pdftex.def)             Requested size: 346.67653pt x 88.5328pt.
[22

]
<../Lecture 4.4_artifacts/image_000019_e2af5a6e64b32c4f80032148b0b517faf1769596
117ae7f38c8f96520f3f465d.png, id=675, 518.93875pt x 135.50626pt>
File: ../Lecture 4.4_artifacts/image_000019_e2af5a6e64b32c4f80032148b0b517faf17
69596117ae7f38c8f96520f3f465d.png Graphic file (type png)
<use ../Lecture 4.4_artifacts/image_000019_e2af5a6e64b32c4f80032148b0b517faf176
9596117ae7f38c8f96520f3f465d.png>
Package pdftex.def Info: ../Lecture 4.4_artifacts/image_000019_e2af5a6e64b32c4f
80032148b0b517faf1769596117ae7f38c8f96520f3f465d.png  used on input line 147.
(pdftex.def)             Requested size: 346.67653pt x 90.53024pt.
[23

 <../Lecture 4.4_artifacts/image_000019_e2af5a6e64b32c4f80032148b0b517faf176959
6117ae7f38c8f96520f3f465d.png (PNG copy)>]
File: ../Lecture 4.4_artifacts/image_000019_e2af5a6e64b32c4f80032148b0b517faf17
69596117ae7f38c8f96520f3f465d.png Graphic file (type png)
<use ../Lecture 4.4_artifacts/image_000019_e2af5a6e64b32c4f80032148b0b517faf176
9596117ae7f38c8f96520f3f465d.png>
Package pdftex.def Info: ../Lecture 4.4_artifacts/image_000019_e2af5a6e64b32c4f
80032148b0b517faf1769596117ae7f38c8f96520f3f465d.png  used on input line 147.
(pdftex.def)             Requested size: 346.67653pt x 90.53024pt.
[24

]
File: ../Lecture 4.4_artifacts/image_000019_e2af5a6e64b32c4f80032148b0b517faf17
69596117ae7f38c8f96520f3f465d.png Graphic file (type png)
<use ../Lecture 4.4_artifacts/image_000019_e2af5a6e64b32c4f80032148b0b517faf176
9596117ae7f38c8f96520f3f465d.png>
Package pdftex.def Info: ../Lecture 4.4_artifacts/image_000019_e2af5a6e64b32c4f
80032148b0b517faf1769596117ae7f38c8f96520f3f465d.png  used on input line 147.
(pdftex.def)             Requested size: 346.67653pt x 90.53024pt.
[25

]
<../Lecture 4.4_artifacts/image_000021_d06af06551d3668aee87663f107e657c03d244e0
6f3aa5c7e6064030ff4859aa.png, id=756, 508.90125pt x 103.38625pt>
File: ../Lecture 4.4_artifacts/image_000021_d06af06551d3668aee87663f107e657c03d
244e06f3aa5c7e6064030ff4859aa.png Graphic file (type png)
<use ../Lecture 4.4_artifacts/image_000021_d06af06551d3668aee87663f107e657c03d2
44e06f3aa5c7e6064030ff4859aa.png>
Package pdftex.def Info: ../Lecture 4.4_artifacts/image_000021_d06af06551d3668a
ee87663f107e657c03d244e06f3aa5c7e6064030ff4859aa.png  used on input line 157.
(pdftex.def)             Requested size: 346.67653pt x 70.43265pt.
[26

 <../Lecture 4.4_artifacts/image_000021_d06af06551d3668aee87663f107e657c03d244e
06f3aa5c7e6064030ff4859aa.png (PNG copy)>]
File: ../Lecture 4.4_artifacts/image_000021_d06af06551d3668aee87663f107e657c03d
244e06f3aa5c7e6064030ff4859aa.png Graphic file (type png)
<use ../Lecture 4.4_artifacts/image_000021_d06af06551d3668aee87663f107e657c03d2
44e06f3aa5c7e6064030ff4859aa.png>
Package pdftex.def Info: ../Lecture 4.4_artifacts/image_000021_d06af06551d3668a
ee87663f107e657c03d244e06f3aa5c7e6064030ff4859aa.png  used on input line 157.
(pdftex.def)             Requested size: 346.67653pt x 70.43265pt.
[27

]
<../Lecture 4.4_artifacts/image_000023_6009e53301b15d60aacba843ab946adc26c50143
96250447df57a8f51985808c.png, id=809, 445.665pt x 96.36pt>
File: ../Lecture 4.4_artifacts/image_000023_6009e53301b15d60aacba843ab946adc26c
5014396250447df57a8f51985808c.png Graphic file (type png)
<use ../Lecture 4.4_artifacts/image_000023_6009e53301b15d60aacba843ab946adc26c5
014396250447df57a8f51985808c.png>
Package pdftex.def Info: ../Lecture 4.4_artifacts/image_000023_6009e53301b15d60
aacba843ab946adc26c5014396250447df57a8f51985808c.png  used on input line 174.
(pdftex.def)             Requested size: 346.67653pt x 74.95757pt.
[28

 <../Lecture 4.4_artifacts/image_000023_6009e53301b15d60aacba843ab946adc26c5014
396250447df57a8f51985808c.png (PNG copy)>]
File: ../Lecture 4.4_artifacts/image_000023_6009e53301b15d60aacba843ab946adc26c
5014396250447df57a8f51985808c.png Graphic file (type png)
<use ../Lecture 4.4_artifacts/image_000023_6009e53301b15d60aacba843ab946adc26c5
014396250447df57a8f51985808c.png>
Package pdftex.def Info: ../Lecture 4.4_artifacts/image_000023_6009e53301b15d60
aacba843ab946adc26c5014396250447df57a8f51985808c.png  used on input line 174.
(pdftex.def)             Requested size: 346.67653pt x 74.95757pt.
[29

]
File: ../Lecture 4.4_artifacts/image_000023_6009e53301b15d60aacba843ab946adc26c
5014396250447df57a8f51985808c.png Graphic file (type png)
<use ../Lecture 4.4_artifacts/image_000023_6009e53301b15d60aacba843ab946adc26c5
014396250447df57a8f51985808c.png>
Package pdftex.def Info: ../Lecture 4.4_artifacts/image_000023_6009e53301b15d60
aacba843ab946adc26c5014396250447df57a8f51985808c.png  used on input line 174.
(pdftex.def)             Requested size: 346.67653pt x 74.95757pt.
[30

]
File: ../Lecture 4.4_artifacts/image_000023_6009e53301b15d60aacba843ab946adc26c
5014396250447df57a8f51985808c.png Graphic file (type png)
<use ../Lecture 4.4_artifacts/image_000023_6009e53301b15d60aacba843ab946adc26c5
014396250447df57a8f51985808c.png>
Package pdftex.def Info: ../Lecture 4.4_artifacts/image_000023_6009e53301b15d60
aacba843ab946adc26c5014396250447df57a8f51985808c.png  used on input line 174.
(pdftex.def)             Requested size: 346.67653pt x 74.95757pt.
[31

]
File: ../Lecture 4.4_artifacts/image_000023_6009e53301b15d60aacba843ab946adc26c
5014396250447df57a8f51985808c.png Graphic file (type png)
<use ../Lecture 4.4_artifacts/image_000023_6009e53301b15d60aacba843ab946adc26c5
014396250447df57a8f51985808c.png>
Package pdftex.def Info: ../Lecture 4.4_artifacts/image_000023_6009e53301b15d60
aacba843ab946adc26c5014396250447df57a8f51985808c.png  used on input line 174.
(pdftex.def)             Requested size: 346.67653pt x 74.95757pt.
[32

]
<../Lecture 4.4_artifacts/image_000025_aceea2eed108b6fe494f36e1658994d48f045f10
6d523670050ee9c423cf40be.png, id=941, 500.87125pt x 103.38625pt>
File: ../Lecture 4.4_artifacts/image_000025_aceea2eed108b6fe494f36e1658994d48f0
45f106d523670050ee9c423cf40be.png Graphic file (type png)
<use ../Lecture 4.4_artifacts/image_000025_aceea2eed108b6fe494f36e1658994d48f04
5f106d523670050ee9c423cf40be.png>
Package pdftex.def Info: ../Lecture 4.4_artifacts/image_000025_aceea2eed108b6fe
494f36e1658994d48f045f106d523670050ee9c423cf40be.png  used on input line 186.
(pdftex.def)             Requested size: 346.67653pt x 71.56216pt.
[33

 <../Lecture 4.4_artifacts/image_000025_aceea2eed108b6fe494f36e1658994d48f045f1
06d523670050ee9c423cf40be.png (PNG copy)>]
File: ../Lecture 4.4_artifacts/image_000025_aceea2eed108b6fe494f36e1658994d48f0
45f106d523670050ee9c423cf40be.png Graphic file (type png)
<use ../Lecture 4.4_artifacts/image_000025_aceea2eed108b6fe494f36e1658994d48f04
5f106d523670050ee9c423cf40be.png>
Package pdftex.def Info: ../Lecture 4.4_artifacts/image_000025_aceea2eed108b6fe
494f36e1658994d48f045f106d523670050ee9c423cf40be.png  used on input line 186.
(pdftex.def)             Requested size: 346.67653pt x 71.56216pt.
[34

]
File: ../Lecture 4.4_artifacts/image_000025_aceea2eed108b6fe494f36e1658994d48f0
45f106d523670050ee9c423cf40be.png Graphic file (type png)
<use ../Lecture 4.4_artifacts/image_000025_aceea2eed108b6fe494f36e1658994d48f04
5f106d523670050ee9c423cf40be.png>
Package pdftex.def Info: ../Lecture 4.4_artifacts/image_000025_aceea2eed108b6fe
494f36e1658994d48f045f106d523670050ee9c423cf40be.png  used on input line 186.
(pdftex.def)             Requested size: 346.67653pt x 71.56216pt.
[35

]
File: ../Lecture 4.4_artifacts/image_000025_aceea2eed108b6fe494f36e1658994d48f0
45f106d523670050ee9c423cf40be.png Graphic file (type png)
<use ../Lecture 4.4_artifacts/image_000025_aceea2eed108b6fe494f36e1658994d48f04
5f106d523670050ee9c423cf40be.png>
Package pdftex.def Info: ../Lecture 4.4_artifacts/image_000025_aceea2eed108b6fe
494f36e1658994d48f045f106d523670050ee9c423cf40be.png  used on input line 186.
(pdftex.def)             Requested size: 346.67653pt x 71.56216pt.
[36

]
<../Lecture 4.4_artifacts/image_000027_e23ba19043ee6124be4c714bbe8040edd4bbb5c1
dc5896a1951fd5b1d9798e58.png, id=1048, 179.67125pt x 391.4625pt>
File: ../Lecture 4.4_artifacts/image_000027_e23ba19043ee6124be4c714bbe8040edd4b
bb5c1dc5896a1951fd5b1d9798e58.png Graphic file (type png)
<use ../Lecture 4.4_artifacts/image_000027_e23ba19043ee6124be4c714bbe8040edd4bb
b5c1dc5896a1951fd5b1d9798e58.png>
Package pdftex.def Info: ../Lecture 4.4_artifacts/image_000027_e23ba19043ee6124
be4c714bbe8040edd4bbb5c1dc5896a1951fd5b1d9798e58.png  used on input line 192.
(pdftex.def)             Requested size: 195.00348pt x 424.89966pt.

Overfull \vbox (220.9009pt too high) detected at line 192
 []

[37

 <../Lecture 4.4_artifacts/image_000027_e23ba19043ee6124be4c714bbe8040edd4bbb5c
1dc5896a1951fd5b1d9798e58.png (PNG copy)>]
<../Lecture 4.4_artifacts/image_000029_bb757d7416f681cd8b8eaf8a65b4d026dd1ba705
39c0b33a01dd8f8a9202eaa8.png, id=1077, 460.72125pt x 98.3675pt>
File: ../Lecture 4.4_artifacts/image_000029_bb757d7416f681cd8b8eaf8a65b4d026dd1
ba70539c0b33a01dd8f8a9202eaa8.png Graphic file (type png)
<use ../Lecture 4.4_artifacts/image_000029_bb757d7416f681cd8b8eaf8a65b4d026dd1b
a70539c0b33a01dd8f8a9202eaa8.png>
Package pdftex.def Info: ../Lecture 4.4_artifacts/image_000029_bb757d7416f681cd
8b8eaf8a65b4d026dd1ba70539c0b33a01dd8f8a9202eaa8.png  used on input line 204.
(pdftex.def)             Requested size: 260.00905pt x 55.51318pt.
[38

 <../Lecture 4.4_artifacts/image_000029_bb757d7416f681cd8b8eaf8a65b4d026dd1ba70
539c0b33a01dd8f8a9202eaa8.png (PNG copy)>]
File: ../Lecture 4.4_artifacts/image_000029_bb757d7416f681cd8b8eaf8a65b4d026dd1
ba70539c0b33a01dd8f8a9202eaa8.png Graphic file (type png)
<use ../Lecture 4.4_artifacts/image_000029_bb757d7416f681cd8b8eaf8a65b4d026dd1b
a70539c0b33a01dd8f8a9202eaa8.png>
Package pdftex.def Info: ../Lecture 4.4_artifacts/image_000029_bb757d7416f681cd
8b8eaf8a65b4d026dd1ba70539c0b33a01dd8f8a9202eaa8.png  used on input line 204.
(pdftex.def)             Requested size: 260.00905pt x 55.51318pt.
[39

]
File: ../Lecture 4.4_artifacts/image_000029_bb757d7416f681cd8b8eaf8a65b4d026dd1
ba70539c0b33a01dd8f8a9202eaa8.png Graphic file (type png)
<use ../Lecture 4.4_artifacts/image_000029_bb757d7416f681cd8b8eaf8a65b4d026dd1b
a70539c0b33a01dd8f8a9202eaa8.png>
Package pdftex.def Info: ../Lecture 4.4_artifacts/image_000029_bb757d7416f681cd
8b8eaf8a65b4d026dd1ba70539c0b33a01dd8f8a9202eaa8.png  used on input line 204.
(pdftex.def)             Requested size: 260.00905pt x 55.51318pt.
[40

]
File: ../Lecture 4.4_artifacts/image_000029_bb757d7416f681cd8b8eaf8a65b4d026dd1
ba70539c0b33a01dd8f8a9202eaa8.png Graphic file (type png)
<use ../Lecture 4.4_artifacts/image_000029_bb757d7416f681cd8b8eaf8a65b4d026dd1b
a70539c0b33a01dd8f8a9202eaa8.png>
Package pdftex.def Info: ../Lecture 4.4_artifacts/image_000029_bb757d7416f681cd
8b8eaf8a65b4d026dd1ba70539c0b33a01dd8f8a9202eaa8.png  used on input line 204.
(pdftex.def)             Requested size: 260.00905pt x 55.51318pt.
[41

]
<../Lecture 4.4_artifacts/image_000031_546762c22da1d9377e1cb5cc2e393ae96fa8a0b9
785846b1b88fae1b43506797.png, id=1183, 404.51125pt x 399.4925pt>
File: ../Lecture 4.4_artifacts/image_000031_546762c22da1d9377e1cb5cc2e393ae96fa
8a0b9785846b1b88fae1b43506797.png Graphic file (type png)
<use ../Lecture 4.4_artifacts/image_000031_546762c22da1d9377e1cb5cc2e393ae96fa8
a0b9785846b1b88fae1b43506797.png>
Package pdftex.def Info: ../Lecture 4.4_artifacts/image_000031_546762c22da1d937
7e1cb5cc2e393ae96fa8a0b9785846b1b88fae1b43506797.png  used on input line 210.
(pdftex.def)             Requested size: 197.1753pt x 194.72728pt.
[42

 <../Lecture 4.4_artifacts/image_000031_546762c22da1d9377e1cb5cc2e393ae96fa8a0b
9785846b1b88fae1b43506797.png (PNG copy)>] [43

] [44

] [45

] [46

] [47

]
<../Lecture 4.4_artifacts/image_000037_93c9c824b8dcfe9fad0a59ba6498bdf79cefbdac
41a866fad785fcb47377530d.png, id=1395, 490.83376pt x 105.39375pt>
File: ../Lecture 4.4_artifacts/image_000037_93c9c824b8dcfe9fad0a59ba6498bdf79ce
fbdac41a866fad785fcb47377530d.png Graphic file (type png)
<use ../Lecture 4.4_artifacts/image_000037_93c9c824b8dcfe9fad0a59ba6498bdf79cef
bdac41a866fad785fcb47377530d.png>
Package pdftex.def Info: ../Lecture 4.4_artifacts/image_000037_93c9c824b8dcfe9f
ad0a59ba6498bdf79cefbdac41a866fad785fcb47377530d.png  used on input line 247.
(pdftex.def)             Requested size: 195.00348pt x 41.87209pt.
[48

 <../Lecture 4.4_artifacts/image_000037_93c9c824b8dcfe9fad0a59ba6498bdf79cefbda
c41a866fad785fcb47377530d.png (PNG copy)>]
File: ../Lecture 4.4_artifacts/image_000037_93c9c824b8dcfe9fad0a59ba6498bdf79ce
fbdac41a866fad785fcb47377530d.png Graphic file (type png)
<use ../Lecture 4.4_artifacts/image_000037_93c9c824b8dcfe9fad0a59ba6498bdf79cef
bdac41a866fad785fcb47377530d.png>
Package pdftex.def Info: ../Lecture 4.4_artifacts/image_000037_93c9c824b8dcfe9f
ad0a59ba6498bdf79cefbdac41a866fad785fcb47377530d.png  used on input line 247.
(pdftex.def)             Requested size: 195.00348pt x 41.87209pt.
[49

]
File: ../Lecture 4.4_artifacts/image_000037_93c9c824b8dcfe9fad0a59ba6498bdf79ce
fbdac41a866fad785fcb47377530d.png Graphic file (type png)
<use ../Lecture 4.4_artifacts/image_000037_93c9c824b8dcfe9fad0a59ba6498bdf79cef
bdac41a866fad785fcb47377530d.png>
Package pdftex.def Info: ../Lecture 4.4_artifacts/image_000037_93c9c824b8dcfe9f
ad0a59ba6498bdf79cefbdac41a866fad785fcb47377530d.png  used on input line 247.
(pdftex.def)             Requested size: 195.00348pt x 41.87209pt.
[50

]
File: ../Lecture 4.4_artifacts/image_000037_93c9c824b8dcfe9fad0a59ba6498bdf79ce
fbdac41a866fad785fcb47377530d.png Graphic file (type png)
<use ../Lecture 4.4_artifacts/image_000037_93c9c824b8dcfe9fad0a59ba6498bdf79cef
bdac41a866fad785fcb47377530d.png>
Package pdftex.def Info: ../Lecture 4.4_artifacts/image_000037_93c9c824b8dcfe9f
ad0a59ba6498bdf79cefbdac41a866fad785fcb47377530d.png  used on input line 247.
(pdftex.def)             Requested size: 195.00348pt x 41.87209pt.
[51

]
<../Lecture 4.4_artifacts/image_000039_6a66aae883380233f465ef450274060b650259ef
fdee9b8d31ec1794deace3af.png, id=1503, 517.935pt x 106.3975pt>
File: ../Lecture 4.4_artifacts/image_000039_6a66aae883380233f465ef450274060b650
259effdee9b8d31ec1794deace3af.png Graphic file (type png)
<use ../Lecture 4.4_artifacts/image_000039_6a66aae883380233f465ef450274060b6502
59effdee9b8d31ec1794deace3af.png>
Package pdftex.def Info: ../Lecture 4.4_artifacts/image_000039_6a66aae883380233
f465ef450274060b650259effdee9b8d31ec1794deace3af.png  used on input line 260.
(pdftex.def)             Requested size: 195.00348pt x 40.05968pt.
[52

 <../Lecture 4.4_artifacts/image_000039_6a66aae883380233f465ef450274060b650259e
ffdee9b8d31ec1794deace3af.png (PNG copy)>]
File: ../Lecture 4.4_artifacts/image_000039_6a66aae883380233f465ef450274060b650
259effdee9b8d31ec1794deace3af.png Graphic file (type png)
<use ../Lecture 4.4_artifacts/image_000039_6a66aae883380233f465ef450274060b6502
59effdee9b8d31ec1794deace3af.png>
Package pdftex.def Info: ../Lecture 4.4_artifacts/image_000039_6a66aae883380233
f465ef450274060b650259effdee9b8d31ec1794deace3af.png  used on input line 260.
(pdftex.def)             Requested size: 195.00348pt x 40.05968pt.
[53

]
File: ../Lecture 4.4_artifacts/image_000039_6a66aae883380233f465ef450274060b650
259effdee9b8d31ec1794deace3af.png Graphic file (type png)
<use ../Lecture 4.4_artifacts/image_000039_6a66aae883380233f465ef450274060b6502
59effdee9b8d31ec1794deace3af.png>
Package pdftex.def Info: ../Lecture 4.4_artifacts/image_000039_6a66aae883380233
f465ef450274060b650259effdee9b8d31ec1794deace3af.png  used on input line 260.
(pdftex.def)             Requested size: 195.00348pt x 40.05968pt.
[54

]
<../Lecture 4.4_artifacts/image_000041_1b0f12d36836debccd60e892dafb2b089ef64871
0adbaab7eba3499e6ed505c2.png, id=1583, 100.375pt x 211.79124pt>
File: ../Lecture 4.4_artifacts/image_000041_1b0f12d36836debccd60e892dafb2b089ef
648710adbaab7eba3499e6ed505c2.png Graphic file (type png)
<use ../Lecture 4.4_artifacts/image_000041_1b0f12d36836debccd60e892dafb2b089ef6
48710adbaab7eba3499e6ed505c2.png>
Package pdftex.def Info: ../Lecture 4.4_artifacts/image_000041_1b0f12d36836debc
cd60e892dafb2b089ef648710adbaab7eba3499e6ed505c2.png  used on input line 277.
(pdftex.def)             Requested size: 195.00348pt x 411.51762pt.

Overfull \vbox (321.4411pt too high) detected at line 277
 []

[55

 <../Lecture 4.4_artifacts/image_000041_1b0f12d36836debccd60e892dafb2b089ef6487
10adbaab7eba3499e6ed505c2.png (PNG copy)>]
File: ../Lecture 4.4_artifacts/image_000041_1b0f12d36836debccd60e892dafb2b089ef
648710adbaab7eba3499e6ed505c2.png Graphic file (type png)
<use ../Lecture 4.4_artifacts/image_000041_1b0f12d36836debccd60e892dafb2b089ef6
48710adbaab7eba3499e6ed505c2.png>
Package pdftex.def Info: ../Lecture 4.4_artifacts/image_000041_1b0f12d36836debc
cd60e892dafb2b089ef648710adbaab7eba3499e6ed505c2.png  used on input line 277.
(pdftex.def)             Requested size: 195.00348pt x 411.51762pt.

Overfull \vbox (321.4411pt too high) detected at line 277
 []

[56

]
File: ../Lecture 4.4_artifacts/image_000041_1b0f12d36836debccd60e892dafb2b089ef
648710adbaab7eba3499e6ed505c2.png Graphic file (type png)
<use ../Lecture 4.4_artifacts/image_000041_1b0f12d36836debccd60e892dafb2b089ef6
48710adbaab7eba3499e6ed505c2.png>
Package pdftex.def Info: ../Lecture 4.4_artifacts/image_000041_1b0f12d36836debc
cd60e892dafb2b089ef648710adbaab7eba3499e6ed505c2.png  used on input line 277.
(pdftex.def)             Requested size: 195.00348pt x 411.51762pt.

Overfull \vbox (321.4411pt too high) detected at line 277
 []

[57

]
File: ../Lecture 4.4_artifacts/image_000041_1b0f12d36836debccd60e892dafb2b089ef
648710adbaab7eba3499e6ed505c2.png Graphic file (type png)
<use ../Lecture 4.4_artifacts/image_000041_1b0f12d36836debccd60e892dafb2b089ef6
48710adbaab7eba3499e6ed505c2.png>
Package pdftex.def Info: ../Lecture 4.4_artifacts/image_000041_1b0f12d36836debc
cd60e892dafb2b089ef648710adbaab7eba3499e6ed505c2.png  used on input line 277.
(pdftex.def)             Requested size: 195.00348pt x 411.51762pt.

Overfull \vbox (321.4411pt too high) detected at line 277
 []

[58

]
File: ../Lecture 4.4_artifacts/image_000041_1b0f12d36836debccd60e892dafb2b089ef
648710adbaab7eba3499e6ed505c2.png Graphic file (type png)
<use ../Lecture 4.4_artifacts/image_000041_1b0f12d36836debccd60e892dafb2b089ef6
48710adbaab7eba3499e6ed505c2.png>
Package pdftex.def Info: ../Lecture 4.4_artifacts/image_000041_1b0f12d36836debc
cd60e892dafb2b089ef648710adbaab7eba3499e6ed505c2.png  used on input line 277.
(pdftex.def)             Requested size: 195.00348pt x 411.51762pt.

Overfull \vbox (321.4411pt too high) detected at line 277
 []

[59

] [60

] [61

] [62

] [63

] [64

]
<../Lecture 4.4_artifacts/image_000044_4024897b11e94cfb0f653b3e23d3e87eebe2d0c5
c14f9bd4cc4d9cedef4949d8.png, id=1849, 442.65375pt x 185.69376pt>
File: ../Lecture 4.4_artifacts/image_000044_4024897b11e94cfb0f653b3e23d3e87eebe
2d0c5c14f9bd4cc4d9cedef4949d8.png Graphic file (type png)
<use ../Lecture 4.4_artifacts/image_000044_4024897b11e94cfb0f653b3e23d3e87eebe2
d0c5c14f9bd4cc4d9cedef4949d8.png>
Package pdftex.def Info: ../Lecture 4.4_artifacts/image_000044_4024897b11e94cfb
0f653b3e23d3e87eebe2d0c5c14f9bd4cc4d9cedef4949d8.png  used on input line 297.
(pdftex.def)             Requested size: 195.00348pt x 81.80467pt.
[65

 <../Lecture 4.4_artifacts/image_000044_4024897b11e94cfb0f653b3e23d3e87eebe2d0c
5c14f9bd4cc4d9cedef4949d8.png (PNG copy)>]
File: ../Lecture 4.4_artifacts/image_000044_4024897b11e94cfb0f653b3e23d3e87eebe
2d0c5c14f9bd4cc4d9cedef4949d8.png Graphic file (type png)
<use ../Lecture 4.4_artifacts/image_000044_4024897b11e94cfb0f653b3e23d3e87eebe2
d0c5c14f9bd4cc4d9cedef4949d8.png>
Package pdftex.def Info: ../Lecture 4.4_artifacts/image_000044_4024897b11e94cfb
0f653b3e23d3e87eebe2d0c5c14f9bd4cc4d9cedef4949d8.png  used on input line 297.
(pdftex.def)             Requested size: 195.00348pt x 81.80467pt.
[66

] [67

] [68

] [69

]
<../Lecture 4.4_artifacts/image_000048_b3bd085c01161ccfa937a5f3d7699c1c92943aeb
0a346080fb2c961ede5df4f3.png, id=1983, 490.83376pt x 106.3975pt>
File: ../Lecture 4.4_artifacts/image_000048_b3bd085c01161ccfa937a5f3d7699c1c929
43aeb0a346080fb2c961ede5df4f3.png Graphic file (type png)
<use ../Lecture 4.4_artifacts/image_000048_b3bd085c01161ccfa937a5f3d7699c1c9294
3aeb0a346080fb2c961ede5df4f3.png>
Package pdftex.def Info: ../Lecture 4.4_artifacts/image_000048_b3bd085c01161ccf
a937a5f3d7699c1c92943aeb0a346080fb2c961ede5df4f3.png  used on input line 315.
(pdftex.def)             Requested size: 260.00905pt x 56.3628pt.
[70

 <../Lecture 4.4_artifacts/image_000048_b3bd085c01161ccfa937a5f3d7699c1c92943ae
b0a346080fb2c961ede5df4f3.png (PNG copy)>]
File: ../Lecture 4.4_artifacts/image_000048_b3bd085c01161ccfa937a5f3d7699c1c929
43aeb0a346080fb2c961ede5df4f3.png Graphic file (type png)
<use ../Lecture 4.4_artifacts/image_000048_b3bd085c01161ccfa937a5f3d7699c1c9294
3aeb0a346080fb2c961ede5df4f3.png>
Package pdftex.def Info: ../Lecture 4.4_artifacts/image_000048_b3bd085c01161ccf
a937a5f3d7699c1c92943aeb0a346080fb2c961ede5df4f3.png  used on input line 315.
(pdftex.def)             Requested size: 260.00905pt x 56.3628pt.
[71

] [72

] [73

]
\tf@nav=\write6
\openout6 = `"Lecture 4.4.nav"'.

\tf@toc=\write7
\openout7 = `"Lecture 4.4.toc"'.

\tf@snm=\write8
\openout8 = `"Lecture 4.4.snm"'.

(Lecture 4.4.aux)
 ***********
LaTeX2e <2025-11-01>
L3 programming layer <2025-12-24>
 ***********

Package rerunfilecheck Warning: File `"Lecture 4.4".out' has changed.
(rerunfilecheck)                Rerun to get outlines right
(rerunfilecheck)                or use package `bookmark'.

Package rerunfilecheck Info: Checksums for `"Lecture 4.4".out':
(rerunfilecheck)             Before: F75B993D5F17A357D30D2ECF84451D83;298
(rerunfilecheck)             After:  376E12CF296C68A44C8675E6D460C63A;296.
 ) 
Here is how much of TeX's memory you used:
 29160 strings out of 467871
 587200 string characters out of 5418376
 939419 words of memory out of 5000000
 57335 multiletter control sequences out of 15000+600000
 639726 words of font info for 84 fonts, out of 8000000 for 9000
 1141 hyphenation exceptions out of 8191
 128i,15n,123p,390b,785s stack positions out of 10000i,1000n,20000p,200000b,200000s
<C:/Users/milav/AppData/Local/Programs/MiKTeX/fonts/type1/public/amsfonts/cm/
cmitt10.pfb><C:/Users/milav/AppData/Local/Programs/MiKTeX/fonts/type1/public/am
sfonts/cm/cmmi10.pfb><C:/Users/milav/AppData/Local/Programs/MiKTeX/fonts/type1/
public/amsfonts/cm/cmss10.pfb><C:/Users/milav/AppData/Local/Programs/MiKTeX/fon
ts/type1/public/amsfonts/cm/cmss12.pfb><C:/Users/milav/AppData/Local/Programs/M
iKTeX/fonts/type1/public/amsfonts/cm/cmss8.pfb><C:/Users/milav/AppData/Local/Pr
ograms/MiKTeX/fonts/type1/public/amsfonts/cm/cmssbx10.pfb><C:/Users/milav/AppDa
ta/Local/Programs/MiKTeX/fonts/type1/public/amsfonts/cm/cmssi10.pfb><C:/Users/m
ilav/AppData/Local/Programs/MiKTeX/fonts/type1/public/amsfonts/cm/cmssi8.pfb><C
:/Users/milav/AppData/Local/Programs/MiKTeX/fonts/type1/public/amsfonts/cm/cmsy
10.pfb><C:/Users/milav/AppData/Local/Programs/MiKTeX/fonts/type1/public/amsfont
s/cm/cmtt10.pfb>
Output written on "Lecture 4.4.pdf" (73 pages, 1054560 bytes).
PDF statistics:
 2195 PDF objects out of 2487 (max. 8388607)
 149 named destinations out of 1000 (max. 500000)
 538 words of extra memory for PDF output out of 10000 (max. 10000000)

